0 info it worked if it ends with ok
1 verbose cli [ '/usr/bin/nodejs',
1 verbose cli   '/usr/bin/npm',
1 verbose cli   'install',
1 verbose cli   'vue',
1 verbose cli   'vue-resource' ]
2 info using npm@1.4.21
3 info using node@v0.10.25
4 verbose readDependencies using package.json deps
5 verbose cache add [ 'vue', null ]
6 verbose cache add name=undefined spec="vue" args=["vue",null]
7 verbose parsed url { protocol: null,
7 verbose parsed url   slashes: null,
7 verbose parsed url   auth: null,
7 verbose parsed url   host: null,
7 verbose parsed url   port: null,
7 verbose parsed url   hostname: null,
7 verbose parsed url   hash: null,
7 verbose parsed url   search: null,
7 verbose parsed url   query: null,
7 verbose parsed url   pathname: 'vue',
7 verbose parsed url   path: 'vue',
7 verbose parsed url   href: 'vue' }
8 verbose cache add [ 'vue-resource', null ]
9 verbose cache add name=undefined spec="vue-resource" args=["vue-resource",null]
10 verbose parsed url { protocol: null,
10 verbose parsed url   slashes: null,
10 verbose parsed url   auth: null,
10 verbose parsed url   host: null,
10 verbose parsed url   port: null,
10 verbose parsed url   hostname: null,
10 verbose parsed url   hash: null,
10 verbose parsed url   search: null,
10 verbose parsed url   query: null,
10 verbose parsed url   pathname: 'vue-resource',
10 verbose parsed url   path: 'vue-resource',
10 verbose parsed url   href: 'vue-resource' }
11 silly lockFile 735f20cd-vue vue
12 verbose lock vue /home/junior/.npm/735f20cd-vue.lock
13 silly lockFile c24de06c-vue-resource vue-resource
14 verbose lock vue-resource /home/junior/.npm/c24de06c-vue-resource.lock
15 silly lockFile 735f20cd-vue vue
16 silly lockFile 735f20cd-vue vue
17 silly lockFile c24de06c-vue-resource vue-resource
18 silly lockFile c24de06c-vue-resource vue-resource
19 verbose addNamed [ 'vue', '' ]
20 verbose addNamed [ null, '*' ]
21 silly lockFile 773ebbba-vue vue@
22 verbose lock vue@ /home/junior/.npm/773ebbba-vue.lock
23 verbose addNamed [ 'vue-resource', '' ]
24 verbose addNamed [ null, '*' ]
25 silly lockFile 7f2db63e-vue-resource vue-resource@
26 verbose lock vue-resource@ /home/junior/.npm/7f2db63e-vue-resource.lock
27 silly addNameRange { name: 'vue', range: '*', hasData: false }
28 silly addNameRange { name: 'vue-resource', range: '*', hasData: false }
29 verbose request where is /vue
30 verbose request registry https://registry.npmjs.org/
31 verbose request id 360b966aaeb25b99
32 verbose url raw /vue
33 verbose url resolving [ 'https://registry.npmjs.org/', './vue' ]
34 verbose url resolved https://registry.npmjs.org/vue
35 verbose request where is https://registry.npmjs.org/vue
36 info trying registry request attempt 1 at 13:29:15
37 http GET https://registry.npmjs.org/vue
38 verbose request where is /vue-resource
39 verbose request registry https://registry.npmjs.org/
40 verbose url raw /vue-resource
41 verbose url resolving [ 'https://registry.npmjs.org/', './vue-resource' ]
42 verbose url resolved https://registry.npmjs.org/vue-resource
43 verbose request where is https://registry.npmjs.org/vue-resource
44 info trying registry request attempt 1 at 13:29:15
45 http GET https://registry.npmjs.org/vue-resource
46 http 200 https://registry.npmjs.org/vue-resource
47 silly registry.get cb [ 200,
47 silly registry.get   { server: 'CouchDB/1.5.0 (Erlang OTP/R16B03)',
47 silly registry.get     etag: '"2Q45556WC43FA230HDYM3LNVI"',
47 silly registry.get     'content-type': 'application/json',
47 silly registry.get     'content-encoding': 'gzip',
47 silly registry.get     'cache-control': 'max-age=300',
47 silly registry.get     'content-length': '3703',
47 silly registry.get     'accept-ranges': 'bytes',
47 silly registry.get     date: 'Tue, 17 May 2016 16:29:16 GMT',
47 silly registry.get     via: '1.1 varnish',
47 silly registry.get     age: '0',
47 silly registry.get     connection: 'keep-alive',
47 silly registry.get     'x-served-by': 'cache-lax1439-LAX',
47 silly registry.get     'x-cache': 'HIT',
47 silly registry.get     'x-cache-hits': '1',
47 silly registry.get     'x-timer': 'S1463502556.931120,VS0,VE50',
47 silly registry.get     vary: 'Accept-Encoding' } ]
48 silly addNameRange number 2 { name: 'vue-resource', range: '*', hasData: true }
49 silly addNameRange versions [ 'vue-resource',
49 silly addNameRange   [ '0.1.2',
49 silly addNameRange     '0.1.3',
49 silly addNameRange     '0.1.4',
49 silly addNameRange     '0.1.5',
49 silly addNameRange     '0.1.6',
49 silly addNameRange     '0.1.7',
49 silly addNameRange     '0.1.8',
49 silly addNameRange     '0.1.9',
49 silly addNameRange     '0.1.10',
49 silly addNameRange     '0.1.11',
49 silly addNameRange     '0.1.12',
49 silly addNameRange     '0.1.13',
49 silly addNameRange     '0.1.14',
49 silly addNameRange     '0.1.15',
49 silly addNameRange     '0.1.16',
49 silly addNameRange     '0.1.17',
49 silly addNameRange     '0.5.0',
49 silly addNameRange     '0.5.1',
49 silly addNameRange     '0.6.0',
49 silly addNameRange     '0.6.1',
49 silly addNameRange     '0.7.0' ] ]
50 verbose addNamed [ 'vue-resource', '0.7.0' ]
51 verbose addNamed [ '0.7.0', '0.7.0' ]
52 silly lockFile 9c335df8-vue-resource-0-7-0 vue-resource@0.7.0
53 verbose lock vue-resource@0.7.0 /home/junior/.npm/9c335df8-vue-resource-0-7-0.lock
54 silly lockFile 0bb036cf--resource-vue-resource-0-7-0-tgz https://registry.npmjs.org/vue-resource/-/vue-resource-0.7.0.tgz
55 verbose lock https://registry.npmjs.org/vue-resource/-/vue-resource-0.7.0.tgz /home/junior/.npm/0bb036cf--resource-vue-resource-0-7-0-tgz.lock
56 verbose addRemoteTarball [ 'https://registry.npmjs.org/vue-resource/-/vue-resource-0.7.0.tgz',
56 verbose addRemoteTarball   'ea216fc7287c8a81b9f73e5f4a8bc41a5f538756' ]
57 info retry fetch attempt 1 at 13:29:17
58 verbose fetch to= /tmp/npm-4378-vNbRWbk8/registry.npmjs.org/vue-resource/-/vue-resource-0.7.0.tgz
59 http GET https://registry.npmjs.org/vue-resource/-/vue-resource-0.7.0.tgz
60 http 200 https://registry.npmjs.org/vue
61 silly registry.get cb [ 200,
61 silly registry.get   { server: 'CouchDB/1.5.0 (Erlang OTP/R16B03)',
61 silly registry.get     etag: '"6NYS1LWH3TRCMUZAO0ODPIQUL"',
61 silly registry.get     'content-type': 'application/json',
61 silly registry.get     'content-encoding': 'gzip',
61 silly registry.get     'cache-control': 'max-age=300',
61 silly registry.get     'content-length': '24185',
61 silly registry.get     'accept-ranges': 'bytes',
61 silly registry.get     date: 'Tue, 17 May 2016 16:29:17 GMT',
61 silly registry.get     via: '1.1 varnish',
61 silly registry.get     age: '0',
61 silly registry.get     connection: 'keep-alive',
61 silly registry.get     'x-served-by': 'cache-lax1434-LAX',
61 silly registry.get     'x-cache': 'HIT',
61 silly registry.get     'x-cache-hits': '1',
61 silly registry.get     'x-timer': 'S1463502556.948672,VS0,VE175',
61 silly registry.get     vary: 'Accept-Encoding' } ]
62 silly addNameRange number 2 { name: 'vue', range: '*', hasData: true }
63 silly addNameRange versions [ 'vue',
63 silly addNameRange   [ '0.0.0',
63 silly addNameRange     '0.6.0',
63 silly addNameRange     '0.7.0',
63 silly addNameRange     '0.7.1',
63 silly addNameRange     '0.7.3',
63 silly addNameRange     '0.7.4',
63 silly addNameRange     '0.7.5',
63 silly addNameRange     '0.7.6',
63 silly addNameRange     '0.8.0',
63 silly addNameRange     '0.8.1',
63 silly addNameRange     '0.8.2',
63 silly addNameRange     '0.8.3',
63 silly addNameRange     '0.8.4',
63 silly addNameRange     '0.8.6',
63 silly addNameRange     '0.8.7',
63 silly addNameRange     '0.8.8',
63 silly addNameRange     '0.9.0',
63 silly addNameRange     '0.9.1',
63 silly addNameRange     '0.9.2',
63 silly addNameRange     '0.9.3',
63 silly addNameRange     '0.10.0',
63 silly addNameRange     '0.10.1',
63 silly addNameRange     '0.10.2',
63 silly addNameRange     '0.10.3',
63 silly addNameRange     '0.10.4',
63 silly addNameRange     '0.10.5',
63 silly addNameRange     '0.10.6',
63 silly addNameRange     '0.11.0-rc',
63 silly addNameRange     '0.11.0-rc2',
63 silly addNameRange     '0.11.0-rc3',
63 silly addNameRange     '0.11.0',
63 silly addNameRange     '0.11.1',
63 silly addNameRange     '0.11.2',
63 silly addNameRange     '0.11.3',
63 silly addNameRange     '0.11.4',
63 silly addNameRange     '0.11.5',
63 silly addNameRange     '0.11.6',
63 silly addNameRange     '0.11.7',
63 silly addNameRange     '0.11.8',
63 silly addNameRange     '0.11.9',
63 silly addNameRange     '0.11.10',
63 silly addNameRange     '0.12.0-beta1',
63 silly addNameRange     '0.12.0-beta2',
63 silly addNameRange     '0.12.0-beta3',
63 silly addNameRange     '0.12.0-beta4',
63 silly addNameRange     '0.12.0-beta5',
63 silly addNameRange     '0.12.0-rc',
63 silly addNameRange     '0.12.0-rc2',
63 silly addNameRange     '0.12.0',
63 silly addNameRange     '0.12.0-csp',
63 silly addNameRange     '0.12.1',
63 silly addNameRange     '0.12.1-csp',
63 silly addNameRange     '0.12.1-csp.1',
63 silly addNameRange     '0.12.1-csp.2',
63 silly addNameRange     '0.12.2',
63 silly addNameRange     '0.12.3',
63 silly addNameRange     '0.12.4',
63 silly addNameRange     '0.12.5',
63 silly addNameRange     '0.12.5-csp',
63 silly addNameRange     '0.12.6',
63 silly addNameRange     '0.12.6-csp',
63 silly addNameRange     '0.12.7',
63 silly addNameRange     '0.12.7-csp',
63 silly addNameRange     '0.12.8',
63 silly addNameRange     '0.12.8-csp',
63 silly addNameRange     '0.12.9',
63 silly addNameRange     '0.12.9-csp',
63 silly addNameRange     '0.12.10',
63 silly addNameRange     '0.12.10-csp',
63 silly addNameRange     '0.12.11',
63 silly addNameRange     '0.12.11-csp',
63 silly addNameRange     '0.12.12',
63 silly addNameRange     '0.12.12-csp',
63 silly addNameRange     '1.0.0-alpha.1',
63 silly addNameRange     '1.0.0-alpha.2',
63 silly addNameRange     '0.12.13',
63 silly addNameRange     '0.12.13-csp',
63 silly addNameRange     '1.0.0-alpha.3',
63 silly addNameRange     '0.12.14',
63 silly addNameRange     '0.12.14-csp',
63 silly addNameRange     '1.0.0-alpha.4',
63 silly addNameRange     '0.12.15',
63 silly addNameRange     '0.12.15-csp',
63 silly addNameRange     '1.0.0-alpha.5',
63 silly addNameRange     '1.0.0-beta.1',
63 silly addNameRange     '0.12.16',
63 silly addNameRange     '0.12.16-csp',
63 silly addNameRange     '1.0.0-alpha.6',
63 silly addNameRange     '1.0.0-beta.2',
63 silly addNameRange     '1.0.0-alpha.7',
63 silly addNameRange     '1.0.0-beta.3',
63 silly addNameRange     '1.0.0-alpha.8',
63 silly addNameRange     '1.0.0-beta.4',
63 silly addNameRange     '1.0.0-rc.1',
63 silly addNameRange     '1.0.0-rc.2-migration',
63 silly addNameRange     '1.0.0-rc.2',
63 silly addNameRange     '1.0.0-csp',
63 silly addNameRange     '1.0.0-migration',
63 silly addNameRange     '1.0.0',
63 silly addNameRange     '1.0.1',
63 silly addNameRange     '1.0.2',
63 silly addNameRange     '1.0.3',
63 silly addNameRange     '1.0.4',
63 silly addNameRange     '1.0.5',
63 silly addNameRange     '1.0.6',
63 silly addNameRange     '1.0.7',
63 silly addNameRange     '1.0.8',
63 silly addNameRange     '1.0.9',
63 silly addNameRange     '1.0.10',
63 silly addNameRange     '1.0.10-csp',
63 silly addNameRange     '1.0.11',
63 silly addNameRange     '1.0.11-csp',
63 silly addNameRange     '1.0.12',
63 silly addNameRange     '1.0.12-csp',
63 silly addNameRange     '1.0.12-csp-1',
63 silly addNameRange     '1.0.13',
63 silly addNameRange     '1.0.13-csp',
63 silly addNameRange     '1.0.14',
63 silly addNameRange     '1.0.14-csp',
63 silly addNameRange     '1.0.15',
63 silly addNameRange     '1.0.15-csp',
63 silly addNameRange     '1.0.16',
63 silly addNameRange     '1.0.16-csp',
63 silly addNameRange     '1.0.17',
63 silly addNameRange     '1.0.17-csp',
63 silly addNameRange     '1.0.18',
63 silly addNameRange     '1.0.18-csp',
63 silly addNameRange     '1.0.19',
63 silly addNameRange     '1.0.19-csp',
63 silly addNameRange     '1.0.20',
63 silly addNameRange     '1.0.20-csp',
63 silly addNameRange     '1.0.21',
63 silly addNameRange     '1.0.21-csp',
63 silly addNameRange     '1.0.22',
63 silly addNameRange     '1.0.22-csp',
63 silly addNameRange     '1.0.23',
63 silly addNameRange     '1.0.23-csp',
63 silly addNameRange     '1.0.24',
63 silly addNameRange     '1.0.24-csp' ] ]
64 verbose addNamed [ 'vue', '1.0.24' ]
65 verbose addNamed [ '1.0.24', '1.0.24' ]
66 silly lockFile f8543e54-vue-1-0-24 vue@1.0.24
67 verbose lock vue@1.0.24 /home/junior/.npm/f8543e54-vue-1-0-24.lock
68 silly lockFile 123c7ebf-try-npmjs-org-vue-vue-1-0-24-tgz https://registry.npmjs.org/vue/-/vue-1.0.24.tgz
69 verbose lock https://registry.npmjs.org/vue/-/vue-1.0.24.tgz /home/junior/.npm/123c7ebf-try-npmjs-org-vue-vue-1-0-24-tgz.lock
70 verbose addRemoteTarball [ 'https://registry.npmjs.org/vue/-/vue-1.0.24.tgz',
70 verbose addRemoteTarball   'c8eecb25542f3bc6f0ae113288a4eef924de6b14' ]
71 info retry fetch attempt 1 at 13:29:17
72 verbose fetch to= /tmp/npm-4378-vNbRWbk8/registry.npmjs.org/vue/-/vue-1.0.24.tgz
73 http GET https://registry.npmjs.org/vue/-/vue-1.0.24.tgz
74 http 200 https://registry.npmjs.org/vue/-/vue-1.0.24.tgz
75 silly lockFile 123c7ebf-try-npmjs-org-vue-vue-1-0-24-tgz https://registry.npmjs.org/vue/-/vue-1.0.24.tgz
76 silly lockFile 123c7ebf-try-npmjs-org-vue-vue-1-0-24-tgz https://registry.npmjs.org/vue/-/vue-1.0.24.tgz
77 silly lockFile f8543e54-vue-1-0-24 vue@1.0.24
78 silly lockFile f8543e54-vue-1-0-24 vue@1.0.24
79 silly lockFile 773ebbba-vue vue@
80 silly lockFile 773ebbba-vue vue@
81 http 200 https://registry.npmjs.org/vue-resource/-/vue-resource-0.7.0.tgz
82 silly lockFile 0bb036cf--resource-vue-resource-0-7-0-tgz https://registry.npmjs.org/vue-resource/-/vue-resource-0.7.0.tgz
83 silly lockFile 0bb036cf--resource-vue-resource-0-7-0-tgz https://registry.npmjs.org/vue-resource/-/vue-resource-0.7.0.tgz
84 silly lockFile 9c335df8-vue-resource-0-7-0 vue-resource@0.7.0
85 silly lockFile 9c335df8-vue-resource-0-7-0 vue-resource@0.7.0
86 silly lockFile 7f2db63e-vue-resource vue-resource@
87 silly lockFile 7f2db63e-vue-resource vue-resource@
88 silly resolved [ { name: 'vue',
88 silly resolved     version: '1.0.24',
88 silly resolved     author: { name: 'Evan You', email: 'yyx990803@gmail.com' },
88 silly resolved     license: 'MIT',
88 silly resolved     description: 'Simple, Fast & Composable MVVM for building interactive interfaces',
88 silly resolved     keywords: [ 'mvvm', 'browser', 'framework' ],
88 silly resolved     main: 'dist/vue.common.js',
88 silly resolved     files: [ 'dist/vue.js', 'dist/vue.min.js', 'dist/vue.common.js', 'src' ],
88 silly resolved     repository: { type: 'git', url: 'git+https://github.com/vuejs/vue.git' },
88 silly resolved     bugs: { url: 'https://github.com/vuejs/vue/issues' },
88 silly resolved     homepage: 'http://vuejs.org',
88 silly resolved     scripts:
88 silly resolved      { test: 'npm run lint && npm run cover && npm run build && npm run e2e',
88 silly resolved        build: 'node build/build.js',
88 silly resolved        'install-hook': 'ln -s ../../build/git-hooks/pre-commit .git/hooks/pre-commit',
88 silly resolved        dev: 'webpack --watch --config build/webpack.dev.config.js & npm run serve-test',
88 silly resolved        'serve-test': 'webpack-dev-server --config build/webpack.test.config.js --host 0.0.0.0',
88 silly resolved        'build-test': 'webpack --config build/webpack.test.config.js',
88 silly resolved        lint: 'eslint src/** test/e2e/** test/unit/specs/** build/**.js',
88 silly resolved        e2e: 'casperjs test --concise ./test/e2e',
88 silly resolved        unit: 'karma start build/karma.unit.config.js',
88 silly resolved        cover: 'karma start build/karma.cover.config.js',
88 silly resolved        sauce: 'karma start build/karma.sauce.config.js',
88 silly resolved        'sauce-all': 'npm run sauce && npm run sauce -- 1 && npm run sauce -- 2',
88 silly resolved        release: 'bash build/release.sh',
88 silly resolved        'release-csp': 'bash build/release-csp.sh' },
88 silly resolved     dependencies: { envify: '^3.4.0' },
88 silly resolved     browserify: { transform: [Object] },
88 silly resolved     devDependencies:
88 silly resolved      { 'babel-core': '^5.8.0',
88 silly resolved        'babel-loader': '^5.4.0',
88 silly resolved        'babel-runtime': '^5.8.0',
88 silly resolved        casperjs: '^1.1.0-beta5',
88 silly resolved        'codecov.io': '^0.1.2',
88 silly resolved        eslint: '^2.9.0',
88 silly resolved        'eslint-config-vue': '^1.0.0',
88 silly resolved        'istanbul-instrumenter-loader': '^0.1.3',
88 silly resolved        'jasmine-core': '^2.4.1',
88 silly resolved        karma: '^0.13.8',
88 silly resolved        'karma-chrome-launcher': '^0.2.0',
88 silly resolved        'karma-coverage': '^0.5.0',
88 silly resolved        'karma-firefox-launcher': '^0.1.6',
88 silly resolved        'karma-ie-launcher': '^0.2.0',
88 silly resolved        'karma-jasmine': '^0.3.6',
88 silly resolved        'karma-phantomjs-launcher': '^0.2.1',
88 silly resolved        'karma-safari-launcher': '^0.1.1',
88 silly resolved        'karma-sauce-launcher': '^0.3.0',
88 silly resolved        'karma-sourcemap-loader': '^0.3.7',
88 silly resolved        'karma-webpack': '^1.7.0',
88 silly resolved        'object-assign': '^4.0.1',
88 silly resolved        phantomjs: '^1.9.17',
88 silly resolved        rollup: '^0.25.1',
88 silly resolved        'rollup-plugin-babel': '^1.0.0',
88 silly resolved        'rollup-plugin-replace': '^1.1.0',
88 silly resolved        'uglify-js': '^2.4.24',
88 silly resolved        webpack: '^1.12.2',
88 silly resolved        'webpack-dev-server': '^1.12.1' },
88 silly resolved     gitHead: 'ea0de41dafed75a7c1d124d281daddc800b61e59',
88 silly resolved     _id: 'vue@1.0.24',
88 silly resolved     _shasum: 'c8eecb25542f3bc6f0ae113288a4eef924de6b14',
88 silly resolved     _from: 'vue@',
88 silly resolved     _npmVersion: '3.8.6',
88 silly resolved     _nodeVersion: '6.0.0',
88 silly resolved     _npmUser: { name: 'yyx990803', email: 'yyx990803@gmail.com' },
88 silly resolved     maintainers: [ [Object] ],
88 silly resolved     dist:
88 silly resolved      { shasum: 'c8eecb25542f3bc6f0ae113288a4eef924de6b14',
88 silly resolved        tarball: 'https://registry.npmjs.org/vue/-/vue-1.0.24.tgz' },
88 silly resolved     _npmOperationalInternal:
88 silly resolved      { host: 'packages-12-west.internal.npmjs.com',
88 silly resolved        tmp: 'tmp/vue-1.0.24.tgz_1463003854279_0.24861793918535113' },
88 silly resolved     directories: {},
88 silly resolved     _resolved: 'https://registry.npmjs.org/vue/-/vue-1.0.24.tgz' },
88 silly resolved   { name: 'vue-resource',
88 silly resolved     version: '0.7.0',
88 silly resolved     description: 'A web request service for Vue.js',
88 silly resolved     main: 'src/index.js',
88 silly resolved     scripts:
88 silly resolved      { build: 'webpack --config build/webpack.build.config.js',
88 silly resolved        test: 'webpack --config test/webpack.config.js' },
88 silly resolved     repository:
88 silly resolved      { type: 'git',
88 silly resolved        url: 'git+https://github.com/vuejs/vue-resource.git' },
88 silly resolved     keywords: [ 'vue', 'vuejs', 'resource', 'mvvm' ],
88 silly resolved     license: 'MIT',
88 silly resolved     bugs: { url: 'https://github.com/vuejs/vue-resource/issues' },
88 silly resolved     homepage: 'https://github.com/vuejs/vue-resource#readme',
88 silly resolved     devDependencies: { 'jasmine-core': '^2.3.4', vue: '^1.0.14', webpack: '^1.12.11' },
88 silly resolved     gitHead: '4f0c4cc1a283dacfff53244568825020b3931791',
88 silly resolved     _id: 'vue-resource@0.7.0',
88 silly resolved     _shasum: 'ea216fc7287c8a81b9f73e5f4a8bc41a5f538756',
88 silly resolved     _from: 'vue-resource@',
88 silly resolved     _npmVersion: '3.5.1',
88 silly resolved     _nodeVersion: '4.2.3',
88 silly resolved     _npmUser: { name: 'steffans', email: 'steffan@schiewe.me' },
88 silly resolved     dist:
88 silly resolved      { shasum: 'ea216fc7287c8a81b9f73e5f4a8bc41a5f538756',
88 silly resolved        tarball: 'https://registry.npmjs.org/vue-resource/-/vue-resource-0.7.0.tgz' },
88 silly resolved     maintainers: [ [Object], [Object] ],
88 silly resolved     directories: {},
88 silly resolved     _resolved: 'https://registry.npmjs.org/vue-resource/-/vue-resource-0.7.0.tgz' } ]
89 info install vue@1.0.24 into /var/www/html/siteoliver
90 info install vue-resource@0.7.0 into /var/www/html/siteoliver
91 info installOne vue@1.0.24
92 info installOne vue-resource@0.7.0
93 verbose node_modules/vue-resource unbuild
94 verbose node_modules/vue unbuild
95 verbose tar unpack /home/junior/.npm/vue-resource/0.7.0/package.tgz
96 silly lockFile c661d71c-oliver-node-modules-vue-resource tar:///var/www/html/siteoliver/node_modules/vue-resource
97 verbose lock tar:///var/www/html/siteoliver/node_modules/vue-resource /home/junior/.npm/c661d71c-oliver-node-modules-vue-resource.lock
98 silly lockFile e7343c98-m-vue-resource-0-7-0-package-tgz tar:///home/junior/.npm/vue-resource/0.7.0/package.tgz
99 verbose lock tar:///home/junior/.npm/vue-resource/0.7.0/package.tgz /home/junior/.npm/e7343c98-m-vue-resource-0-7-0-package-tgz.lock
100 verbose tar unpack /home/junior/.npm/vue/1.0.24/package.tgz
101 silly lockFile 34d81599-html-siteoliver-node-modules-vue tar:///var/www/html/siteoliver/node_modules/vue
102 verbose lock tar:///var/www/html/siteoliver/node_modules/vue /home/junior/.npm/34d81599-html-siteoliver-node-modules-vue.lock
103 silly lockFile 072de0bf-unior-npm-vue-1-0-24-package-tgz tar:///home/junior/.npm/vue/1.0.24/package.tgz
104 verbose lock tar:///home/junior/.npm/vue/1.0.24/package.tgz /home/junior/.npm/072de0bf-unior-npm-vue-1-0-24-package-tgz.lock
105 silly gunzTarPerm modes [ '775', '664' ]
106 silly gunzTarPerm modes [ '775', '664' ]
107 silly gunzTarPerm extractEntry package.json
108 silly gunzTarPerm modified mode [ 'package.json', 420, 436 ]
109 silly gunzTarPerm extractEntry package.json
110 silly gunzTarPerm modified mode [ 'package.json', 420, 436 ]
111 silly gunzTarPerm extractEntry .npmignore
112 silly gunzTarPerm modified mode [ '.npmignore', 420, 436 ]
113 silly gunzTarPerm extractEntry README.md
114 silly gunzTarPerm modified mode [ 'README.md', 420, 436 ]
115 silly gunzTarPerm extractEntry LICENSE
116 silly gunzTarPerm modified mode [ 'LICENSE', 420, 436 ]
117 silly gunzTarPerm extractEntry dist/README.md
118 silly gunzTarPerm modified mode [ 'dist/README.md', 420, 436 ]
119 silly gunzTarPerm extractEntry dist/vue-resource.js
120 silly gunzTarPerm modified mode [ 'dist/vue-resource.js', 420, 436 ]
121 silly gunzTarPerm extractEntry dist/vue-resource.min.js
122 silly gunzTarPerm modified mode [ 'dist/vue-resource.min.js', 420, 436 ]
123 silly gunzTarPerm extractEntry dist/vue.common.js
124 silly gunzTarPerm modified mode [ 'dist/vue.common.js', 420, 436 ]
125 silly gunzTarPerm extractEntry dist/vue.js
126 silly gunzTarPerm modified mode [ 'dist/vue.js', 420, 436 ]
127 silly gunzTarPerm extractEntry src/index.js
128 silly gunzTarPerm modified mode [ 'src/index.js', 420, 436 ]
129 silly gunzTarPerm extractEntry src/promise.js
130 silly gunzTarPerm modified mode [ 'src/promise.js', 420, 436 ]
131 silly gunzTarPerm extractEntry src/resource.js
132 silly gunzTarPerm modified mode [ 'src/resource.js', 420, 436 ]
133 silly gunzTarPerm extractEntry src/util.js
134 silly gunzTarPerm modified mode [ 'src/util.js', 420, 436 ]
135 silly gunzTarPerm extractEntry dist/vue.min.js
136 silly gunzTarPerm modified mode [ 'dist/vue.min.js', 420, 436 ]
137 silly gunzTarPerm extractEntry src/http/before.js
138 silly gunzTarPerm modified mode [ 'src/http/before.js', 420, 436 ]
139 silly gunzTarPerm extractEntry src/http/cors.js
140 silly gunzTarPerm modified mode [ 'src/http/cors.js', 420, 436 ]
141 silly gunzTarPerm extractEntry src/http/header.js
142 silly gunzTarPerm modified mode [ 'src/http/header.js', 420, 436 ]
143 silly gunzTarPerm extractEntry src/http/index.js
144 silly gunzTarPerm modified mode [ 'src/http/index.js', 420, 436 ]
145 silly gunzTarPerm extractEntry src/http/interceptor.js
146 silly gunzTarPerm modified mode [ 'src/http/interceptor.js', 420, 436 ]
147 silly gunzTarPerm extractEntry src/http/jsonp.js
148 silly gunzTarPerm modified mode [ 'src/http/jsonp.js', 420, 436 ]
149 silly gunzTarPerm extractEntry src/http/method.js
150 silly gunzTarPerm modified mode [ 'src/http/method.js', 420, 436 ]
151 silly gunzTarPerm extractEntry src/http/mime.js
152 silly gunzTarPerm modified mode [ 'src/http/mime.js', 420, 436 ]
153 silly gunzTarPerm extractEntry src/http/timeout.js
154 silly gunzTarPerm modified mode [ 'src/http/timeout.js', 420, 436 ]
155 silly gunzTarPerm extractEntry src/http/client/index.js
156 silly gunzTarPerm modified mode [ 'src/http/client/index.js', 420, 436 ]
157 silly gunzTarPerm extractEntry src/http/client/jsonp.js
158 silly gunzTarPerm modified mode [ 'src/http/client/jsonp.js', 420, 436 ]
159 silly gunzTarPerm extractEntry src/http/client/xdr.js
160 silly gunzTarPerm modified mode [ 'src/http/client/xdr.js', 420, 436 ]
161 silly gunzTarPerm extractEntry src/http/client/xhr.js
162 silly gunzTarPerm modified mode [ 'src/http/client/xhr.js', 420, 436 ]
163 silly gunzTarPerm extractEntry src/lib/promise.js
164 silly gunzTarPerm modified mode [ 'src/lib/promise.js', 420, 436 ]
165 silly gunzTarPerm extractEntry src/lib/url-template.js
166 silly gunzTarPerm modified mode [ 'src/lib/url-template.js', 420, 436 ]
167 silly gunzTarPerm extractEntry src/url/index.js
168 silly gunzTarPerm modified mode [ 'src/url/index.js', 420, 436 ]
169 silly gunzTarPerm extractEntry src/url/legacy.js
170 silly gunzTarPerm modified mode [ 'src/url/legacy.js', 420, 436 ]
171 silly gunzTarPerm extractEntry src/url/query.js
172 silly gunzTarPerm modified mode [ 'src/url/query.js', 420, 436 ]
173 silly gunzTarPerm extractEntry src/url/root.js
174 silly gunzTarPerm modified mode [ 'src/url/root.js', 420, 436 ]
175 silly gunzTarPerm extractEntry src/url/template.js
176 silly gunzTarPerm modified mode [ 'src/url/template.js', 420, 436 ]
177 silly gunzTarPerm extractEntry test/http.js
178 silly gunzTarPerm modified mode [ 'test/http.js', 420, 436 ]
179 silly gunzTarPerm extractEntry test/index.js
180 silly gunzTarPerm modified mode [ 'test/index.js', 420, 436 ]
181 silly gunzTarPerm extractEntry test/promise.js
182 silly gunzTarPerm modified mode [ 'test/promise.js', 420, 436 ]
183 silly gunzTarPerm extractEntry test/specs.js
184 silly gunzTarPerm modified mode [ 'test/specs.js', 420, 436 ]
185 silly gunzTarPerm extractEntry test/url.js
186 silly gunzTarPerm modified mode [ 'test/url.js', 420, 436 ]
187 silly gunzTarPerm extractEntry test/webpack.config.js
188 silly gunzTarPerm modified mode [ 'test/webpack.config.js', 420, 436 ]
189 silly gunzTarPerm extractEntry test/data/test.json
190 silly gunzTarPerm modified mode [ 'test/data/test.json', 420, 436 ]
191 silly gunzTarPerm extractEntry test/index.html
192 silly gunzTarPerm modified mode [ 'test/index.html', 420, 436 ]
193 silly gunzTarPerm extractEntry src/batcher.js
194 silly gunzTarPerm modified mode [ 'src/batcher.js', 420, 436 ]
195 silly gunzTarPerm extractEntry src/index.js
196 silly gunzTarPerm modified mode [ 'src/index.js', 420, 436 ]
197 silly gunzTarPerm extractEntry src/config.js
198 silly gunzTarPerm modified mode [ 'src/config.js', 420, 436 ]
199 silly lockFile c661d71c-oliver-node-modules-vue-resource tar:///var/www/html/siteoliver/node_modules/vue-resource
200 silly lockFile c661d71c-oliver-node-modules-vue-resource tar:///var/www/html/siteoliver/node_modules/vue-resource
201 silly lockFile e7343c98-m-vue-resource-0-7-0-package-tgz tar:///home/junior/.npm/vue-resource/0.7.0/package.tgz
202 silly lockFile e7343c98-m-vue-resource-0-7-0-package-tgz tar:///home/junior/.npm/vue-resource/0.7.0/package.tgz
203 info preinstall vue-resource@0.7.0
204 verbose readDependencies using package.json deps
205 verbose readDependencies using package.json deps
206 silly resolved []
207 verbose about to build /var/www/html/siteoliver/node_modules/vue-resource
208 info build /var/www/html/siteoliver/node_modules/vue-resource
209 verbose linkStuff [ false, false, false, '/var/www/html/siteoliver/node_modules' ]
210 info linkStuff vue-resource@0.7.0
211 verbose linkBins vue-resource@0.7.0
212 verbose linkMans vue-resource@0.7.0
213 verbose rebuildBundles vue-resource@0.7.0
214 info install vue-resource@0.7.0
215 info postinstall vue-resource@0.7.0
216 silly gunzTarPerm extractEntry src/directive.js
217 silly gunzTarPerm modified mode [ 'src/directive.js', 420, 436 ]
218 silly gunzTarPerm extractEntry src/cache.js
219 silly gunzTarPerm modified mode [ 'src/cache.js', 420, 436 ]
220 silly gunzTarPerm extractEntry src/watcher.js
221 silly gunzTarPerm modified mode [ 'src/watcher.js', 420, 436 ]
222 silly gunzTarPerm extractEntry src/global-api.js
223 silly gunzTarPerm modified mode [ 'src/global-api.js', 420, 436 ]
224 silly gunzTarPerm extractEntry src/filters/array-filters.js
225 silly gunzTarPerm modified mode [ 'src/filters/array-filters.js', 420, 436 ]
226 silly gunzTarPerm extractEntry src/filters/index.js
227 silly gunzTarPerm modified mode [ 'src/filters/index.js', 420, 436 ]
228 silly gunzTarPerm extractEntry src/fragment/factory.js
229 silly gunzTarPerm modified mode [ 'src/fragment/factory.js', 420, 436 ]
230 silly gunzTarPerm extractEntry src/fragment/fragment.js
231 silly gunzTarPerm modified mode [ 'src/fragment/fragment.js', 420, 436 ]
232 silly gunzTarPerm extractEntry src/directives/priorities.js
233 silly gunzTarPerm modified mode [ 'src/directives/priorities.js', 420, 436 ]
234 silly gunzTarPerm extractEntry src/directives/element/index.js
235 silly gunzTarPerm modified mode [ 'src/directives/element/index.js', 420, 436 ]
236 silly gunzTarPerm extractEntry src/directives/element/partial.js
237 silly gunzTarPerm modified mode [ 'src/directives/element/partial.js', 420, 436 ]
238 silly gunzTarPerm extractEntry src/directives/element/slot.js
239 silly gunzTarPerm modified mode [ 'src/directives/element/slot.js', 420, 436 ]
240 silly gunzTarPerm extractEntry src/directives/internal/class.js
241 silly gunzTarPerm modified mode [ 'src/directives/internal/class.js', 420, 436 ]
242 silly gunzTarPerm extractEntry src/directives/internal/component.js
243 silly gunzTarPerm modified mode [ 'src/directives/internal/component.js', 420, 436 ]
244 silly gunzTarPerm extractEntry src/directives/internal/index.js
245 silly gunzTarPerm modified mode [ 'src/directives/internal/index.js', 420, 436 ]
246 silly gunzTarPerm extractEntry src/directives/internal/prop.js
247 silly gunzTarPerm modified mode [ 'src/directives/internal/prop.js', 420, 436 ]
248 silly gunzTarPerm extractEntry src/directives/internal/style.js
249 silly gunzTarPerm modified mode [ 'src/directives/internal/style.js', 420, 436 ]
250 silly gunzTarPerm extractEntry src/directives/internal/transition.js
251 silly gunzTarPerm modified mode [ 'src/directives/internal/transition.js', 420, 436 ]
252 silly gunzTarPerm extractEntry src/directives/public/bind.js
253 silly gunzTarPerm modified mode [ 'src/directives/public/bind.js', 420, 436 ]
254 silly gunzTarPerm extractEntry src/directives/public/el.js
255 silly gunzTarPerm modified mode [ 'src/directives/public/el.js', 420, 436 ]
256 silly gunzTarPerm extractEntry src/directives/public/for.js
257 silly gunzTarPerm modified mode [ 'src/directives/public/for.js', 420, 436 ]
258 silly gunzTarPerm extractEntry src/directives/public/html.js
259 silly gunzTarPerm modified mode [ 'src/directives/public/html.js', 420, 436 ]
260 silly gunzTarPerm extractEntry src/directives/public/if.js
261 silly gunzTarPerm modified mode [ 'src/directives/public/if.js', 420, 436 ]
262 silly gunzTarPerm extractEntry src/directives/public/cloak.js
263 silly gunzTarPerm modified mode [ 'src/directives/public/cloak.js', 420, 436 ]
264 silly gunzTarPerm extractEntry src/directives/public/show.js
265 silly gunzTarPerm modified mode [ 'src/directives/public/show.js', 420, 436 ]
266 silly gunzTarPerm extractEntry src/directives/public/on.js
267 silly gunzTarPerm modified mode [ 'src/directives/public/on.js', 420, 436 ]
268 silly gunzTarPerm extractEntry src/directives/public/ref.js
269 silly gunzTarPerm modified mode [ 'src/directives/public/ref.js', 420, 436 ]
270 silly gunzTarPerm extractEntry src/directives/public/text.js
271 silly gunzTarPerm modified mode [ 'src/directives/public/text.js', 420, 436 ]
272 silly gunzTarPerm extractEntry src/directives/public/index.js
273 silly gunzTarPerm modified mode [ 'src/directives/public/index.js', 420, 436 ]
274 silly gunzTarPerm extractEntry src/directives/public/model/checkbox.js
275 silly gunzTarPerm modified mode [ 'src/directives/public/model/checkbox.js', 420, 436 ]
276 silly gunzTarPerm extractEntry src/directives/public/model/index.js
277 silly gunzTarPerm modified mode [ 'src/directives/public/model/index.js', 420, 436 ]
278 silly gunzTarPerm extractEntry src/directives/public/model/radio.js
279 silly gunzTarPerm modified mode [ 'src/directives/public/model/radio.js', 420, 436 ]
280 silly gunzTarPerm extractEntry src/directives/public/model/select.js
281 silly gunzTarPerm modified mode [ 'src/directives/public/model/select.js', 420, 436 ]
282 silly gunzTarPerm extractEntry src/directives/public/model/text.js
283 silly gunzTarPerm modified mode [ 'src/directives/public/model/text.js', 420, 436 ]
284 silly gunzTarPerm extractEntry src/compiler/compile-props.js
285 silly gunzTarPerm modified mode [ 'src/compiler/compile-props.js', 420, 436 ]
286 silly gunzTarPerm extractEntry src/compiler/compile.js
287 silly gunzTarPerm modified mode [ 'src/compiler/compile.js', 420, 436 ]
288 silly gunzTarPerm extractEntry src/compiler/index.js
289 silly gunzTarPerm modified mode [ 'src/compiler/index.js', 420, 436 ]
290 silly gunzTarPerm extractEntry src/compiler/resolve-slots.js
291 silly gunzTarPerm modified mode [ 'src/compiler/resolve-slots.js', 420, 436 ]
292 silly gunzTarPerm extractEntry src/compiler/transclude.js
293 silly gunzTarPerm modified mode [ 'src/compiler/transclude.js', 420, 436 ]
294 silly gunzTarPerm extractEntry src/instance/vue.js
295 silly gunzTarPerm modified mode [ 'src/instance/vue.js', 420, 436 ]
296 silly gunzTarPerm extractEntry src/instance/api/data.js
297 silly gunzTarPerm modified mode [ 'src/instance/api/data.js', 420, 436 ]
298 silly gunzTarPerm extractEntry src/instance/api/dom.js
299 silly gunzTarPerm modified mode [ 'src/instance/api/dom.js', 420, 436 ]
300 silly gunzTarPerm extractEntry src/instance/api/events.js
301 silly gunzTarPerm modified mode [ 'src/instance/api/events.js', 420, 436 ]
302 silly gunzTarPerm extractEntry src/instance/api/lifecycle.js
303 silly gunzTarPerm modified mode [ 'src/instance/api/lifecycle.js', 420, 436 ]
304 silly gunzTarPerm extractEntry src/instance/internal/events.js
305 silly gunzTarPerm modified mode [ 'src/instance/internal/events.js', 420, 436 ]
306 silly gunzTarPerm extractEntry src/instance/internal/init.js
307 silly gunzTarPerm modified mode [ 'src/instance/internal/init.js', 420, 436 ]
308 silly gunzTarPerm extractEntry src/instance/internal/lifecycle.js
309 silly gunzTarPerm modified mode [ 'src/instance/internal/lifecycle.js', 420, 436 ]
310 silly gunzTarPerm extractEntry src/instance/internal/misc.js
311 silly gunzTarPerm modified mode [ 'src/instance/internal/misc.js', 420, 436 ]
312 silly gunzTarPerm extractEntry src/instance/internal/state.js
313 silly gunzTarPerm modified mode [ 'src/instance/internal/state.js', 420, 436 ]
314 silly gunzTarPerm extractEntry src/observer/array.js
315 silly gunzTarPerm modified mode [ 'src/observer/array.js', 420, 436 ]
316 silly gunzTarPerm extractEntry src/observer/dep.js
317 silly gunzTarPerm modified mode [ 'src/observer/dep.js', 420, 436 ]
318 silly gunzTarPerm extractEntry src/observer/index.js
319 silly gunzTarPerm modified mode [ 'src/observer/index.js', 420, 436 ]
320 silly gunzTarPerm extractEntry src/parsers/directive.js
321 silly gunzTarPerm modified mode [ 'src/parsers/directive.js', 420, 436 ]
322 silly gunzTarPerm extractEntry src/parsers/expression.js
323 silly gunzTarPerm modified mode [ 'src/parsers/expression.js', 420, 436 ]
324 silly gunzTarPerm extractEntry src/parsers/path.js
325 silly gunzTarPerm modified mode [ 'src/parsers/path.js', 420, 436 ]
326 silly gunzTarPerm extractEntry src/parsers/template.js
327 silly gunzTarPerm modified mode [ 'src/parsers/template.js', 420, 436 ]
328 silly gunzTarPerm extractEntry src/parsers/text.js
329 silly gunzTarPerm modified mode [ 'src/parsers/text.js', 420, 436 ]
330 silly gunzTarPerm extractEntry src/transition/index.js
331 silly gunzTarPerm modified mode [ 'src/transition/index.js', 420, 436 ]
332 silly gunzTarPerm extractEntry src/transition/queue.js
333 silly gunzTarPerm modified mode [ 'src/transition/queue.js', 420, 436 ]
334 silly gunzTarPerm extractEntry src/transition/transition.js
335 silly gunzTarPerm modified mode [ 'src/transition/transition.js', 420, 436 ]
336 silly gunzTarPerm extractEntry src/util/component.js
337 silly gunzTarPerm modified mode [ 'src/util/component.js', 420, 436 ]
338 silly gunzTarPerm extractEntry src/util/debug.js
339 silly gunzTarPerm modified mode [ 'src/util/debug.js', 420, 436 ]
340 silly gunzTarPerm extractEntry src/util/dom.js
341 silly gunzTarPerm modified mode [ 'src/util/dom.js', 420, 436 ]
342 silly gunzTarPerm extractEntry src/util/env.js
343 silly gunzTarPerm modified mode [ 'src/util/env.js', 420, 436 ]
344 silly gunzTarPerm extractEntry src/util/index.js
345 silly gunzTarPerm modified mode [ 'src/util/index.js', 420, 436 ]
346 silly gunzTarPerm extractEntry src/util/lang.js
347 silly gunzTarPerm modified mode [ 'src/util/lang.js', 420, 436 ]
348 silly gunzTarPerm extractEntry src/util/options.js
349 silly gunzTarPerm modified mode [ 'src/util/options.js', 420, 436 ]
350 silly lockFile 34d81599-html-siteoliver-node-modules-vue tar:///var/www/html/siteoliver/node_modules/vue
351 silly lockFile 34d81599-html-siteoliver-node-modules-vue tar:///var/www/html/siteoliver/node_modules/vue
352 silly lockFile 072de0bf-unior-npm-vue-1-0-24-package-tgz tar:///home/junior/.npm/vue/1.0.24/package.tgz
353 silly lockFile 072de0bf-unior-npm-vue-1-0-24-package-tgz tar:///home/junior/.npm/vue/1.0.24/package.tgz
354 info preinstall vue@1.0.24
355 verbose readDependencies using package.json deps
356 verbose readDependencies using package.json deps
357 verbose cache add [ 'envify@^3.4.0', null ]
358 verbose cache add name=undefined spec="envify@^3.4.0" args=["envify@^3.4.0",null]
359 verbose parsed url { protocol: null,
359 verbose parsed url   slashes: null,
359 verbose parsed url   auth: null,
359 verbose parsed url   host: null,
359 verbose parsed url   port: null,
359 verbose parsed url   hostname: null,
359 verbose parsed url   hash: null,
359 verbose parsed url   search: null,
359 verbose parsed url   query: null,
359 verbose parsed url   pathname: 'envify@^3.4.0',
359 verbose parsed url   path: 'envify@^3.4.0',
359 verbose parsed url   href: 'envify@^3.4.0' }
360 verbose cache add name="envify" spec="^3.4.0" args=["envify","^3.4.0"]
361 verbose parsed url { protocol: null,
361 verbose parsed url   slashes: null,
361 verbose parsed url   auth: null,
361 verbose parsed url   host: null,
361 verbose parsed url   port: null,
361 verbose parsed url   hostname: null,
361 verbose parsed url   hash: null,
361 verbose parsed url   search: null,
361 verbose parsed url   query: null,
361 verbose parsed url   pathname: '^3.4.0',
361 verbose parsed url   path: '^3.4.0',
361 verbose parsed url   href: '^3.4.0' }
362 verbose addNamed [ 'envify', '^3.4.0' ]
363 verbose addNamed [ null, '>=3.4.0-0 <4.0.0-0' ]
364 silly lockFile c63f8470-envify-3-4-0 envify@^3.4.0
365 verbose lock envify@^3.4.0 /home/junior/.npm/c63f8470-envify-3-4-0.lock
366 silly addNameRange { name: 'envify', range: '>=3.4.0-0 <4.0.0-0', hasData: false }
367 verbose request where is /envify
368 verbose request registry https://registry.npmjs.org/
369 verbose url raw /envify
370 verbose url resolving [ 'https://registry.npmjs.org/', './envify' ]
371 verbose url resolved https://registry.npmjs.org/envify
372 verbose request where is https://registry.npmjs.org/envify
373 info trying registry request attempt 1 at 13:29:23
374 http GET https://registry.npmjs.org/envify
375 http 200 https://registry.npmjs.org/envify
376 silly registry.get cb [ 200,
376 silly registry.get   { server: 'CouchDB/1.5.0 (Erlang OTP/R16B03)',
376 silly registry.get     etag: '"2CIY89ABERZN7OTW0D4XV5CLW"',
376 silly registry.get     'content-type': 'application/json',
376 silly registry.get     'content-encoding': 'gzip',
376 silly registry.get     'cache-control': 'max-age=300',
376 silly registry.get     'content-length': '4486',
376 silly registry.get     'accept-ranges': 'bytes',
376 silly registry.get     date: 'Tue, 17 May 2016 16:29:24 GMT',
376 silly registry.get     via: '1.1 varnish',
376 silly registry.get     age: '225',
376 silly registry.get     connection: 'keep-alive',
376 silly registry.get     'x-served-by': 'cache-lax1424-LAX',
376 silly registry.get     'x-cache': 'HIT',
376 silly registry.get     'x-cache-hits': '3',
376 silly registry.get     'x-timer': 'S1463502564.518868,VS0,VE0',
376 silly registry.get     vary: 'Accept-Encoding' } ]
377 silly addNameRange number 2 { name: 'envify', range: '>=3.4.0-0 <4.0.0-0', hasData: true }
378 silly addNameRange versions [ 'envify',
378 silly addNameRange   [ '0.0.1',
378 silly addNameRange     '0.1.0',
378 silly addNameRange     '0.2.0',
378 silly addNameRange     '1.0.0',
378 silly addNameRange     '1.0.1',
378 silly addNameRange     '1.1.0',
378 silly addNameRange     '1.2.0',
378 silly addNameRange     '1.2.1',
378 silly addNameRange     '2.0.0',
378 silly addNameRange     '2.0.1',
378 silly addNameRange     '3.0.0',
378 silly addNameRange     '3.1.0',
378 silly addNameRange     '3.2.0',
378 silly addNameRange     '3.3.0',
378 silly addNameRange     '3.3.1',
378 silly addNameRange     '3.4.0' ] ]
379 verbose addNamed [ 'envify', '3.4.0' ]
380 verbose addNamed [ '3.4.0', '3.4.0' ]
381 silly lockFile b60ef226-envify-3-4-0 envify@3.4.0
382 verbose lock envify@3.4.0 /home/junior/.npm/b60ef226-envify-3-4-0.lock
383 silly lockFile 75666ab7-pmjs-org-envify-envify-3-4-0-tgz https://registry.npmjs.org/envify/-/envify-3.4.0.tgz
384 verbose lock https://registry.npmjs.org/envify/-/envify-3.4.0.tgz /home/junior/.npm/75666ab7-pmjs-org-envify-envify-3-4-0-tgz.lock
385 verbose addRemoteTarball [ 'https://registry.npmjs.org/envify/-/envify-3.4.0.tgz',
385 verbose addRemoteTarball   'a0bed52222529076a02fabf6ce00eef42d7b6734' ]
386 info retry fetch attempt 1 at 13:29:24
387 verbose fetch to= /tmp/npm-4378-vNbRWbk8/registry.npmjs.org/envify/-/envify-3.4.0.tgz
388 http GET https://registry.npmjs.org/envify/-/envify-3.4.0.tgz
389 http 200 https://registry.npmjs.org/envify/-/envify-3.4.0.tgz
390 silly lockFile 75666ab7-pmjs-org-envify-envify-3-4-0-tgz https://registry.npmjs.org/envify/-/envify-3.4.0.tgz
391 silly lockFile 75666ab7-pmjs-org-envify-envify-3-4-0-tgz https://registry.npmjs.org/envify/-/envify-3.4.0.tgz
392 silly lockFile b60ef226-envify-3-4-0 envify@3.4.0
393 silly lockFile b60ef226-envify-3-4-0 envify@3.4.0
394 silly lockFile c63f8470-envify-3-4-0 envify@^3.4.0
395 silly lockFile c63f8470-envify-3-4-0 envify@^3.4.0
396 silly resolved [ { name: 'envify',
396 silly resolved     version: '3.4.0',
396 silly resolved     description: 'Selectively replace Node-style environment variables with plain strings.',
396 silly resolved     main: 'index.js',
396 silly resolved     scripts: { test: 'node test.js | tap-spec' },
396 silly resolved     bin: { envify: 'bin/envify' },
396 silly resolved     repository: { type: 'git', url: 'git://github.com/hughsk/envify.git' },
396 silly resolved     author:
396 silly resolved      { name: 'Hugh Kennedy',
396 silly resolved        email: 'hughskennedy@gmail.com',
396 silly resolved        url: 'http://hughskennedy.com/' },
396 silly resolved     license: 'MIT',
396 silly resolved     devDependencies: { 'tap-spec': '^1.0.1', tape: '~2.3.2' },
396 silly resolved     dependencies: { through: '~2.3.4', jstransform: '^10.0.1' },
396 silly resolved     keywords:
396 silly resolved      [ 'environment',
396 silly resolved        'variables',
396 silly resolved        'browserify',
396 silly resolved        'browserify-transform',
396 silly resolved        'transform',
396 silly resolved        'source',
396 silly resolved        'configuration' ],
396 silly resolved     gitHead: 'c42c2052e33f82b651a992686c3578639bf0339b',
396 silly resolved     bugs: { url: 'https://github.com/hughsk/envify/issues' },
396 silly resolved     homepage: 'https://github.com/hughsk/envify',
396 silly resolved     _id: 'envify@3.4.0',
396 silly resolved     _shasum: 'a0bed52222529076a02fabf6ce00eef42d7b6734',
396 silly resolved     _from: 'envify@^3.4.0',
396 silly resolved     _npmVersion: '1.4.28',
396 silly resolved     _npmUser: { name: 'zertosh', email: 'zertosh@gmail.com' },
396 silly resolved     maintainers: [ [Object], [Object] ],
396 silly resolved     dist:
396 silly resolved      { shasum: 'a0bed52222529076a02fabf6ce00eef42d7b6734',
396 silly resolved        tarball: 'https://registry.npmjs.org/envify/-/envify-3.4.0.tgz' },
396 silly resolved     directories: {},
396 silly resolved     _resolved: 'https://registry.npmjs.org/envify/-/envify-3.4.0.tgz' } ]
397 info install envify@3.4.0 into /var/www/html/siteoliver/node_modules/vue
398 info installOne envify@3.4.0
399 verbose node_modules/vue/node_modules/envify unbuild
400 verbose tar unpack /home/junior/.npm/envify/3.4.0/package.tgz
401 silly lockFile 47931f13--modules-vue-node-modules-envify tar:///var/www/html/siteoliver/node_modules/vue/node_modules/envify
402 verbose lock tar:///var/www/html/siteoliver/node_modules/vue/node_modules/envify /home/junior/.npm/47931f13--modules-vue-node-modules-envify.lock
403 silly lockFile 8f15ab79-ior-npm-envify-3-4-0-package-tgz tar:///home/junior/.npm/envify/3.4.0/package.tgz
404 verbose lock tar:///home/junior/.npm/envify/3.4.0/package.tgz /home/junior/.npm/8f15ab79-ior-npm-envify-3-4-0-package-tgz.lock
405 silly gunzTarPerm modes [ '775', '664' ]
406 silly gunzTarPerm extractEntry package.json
407 silly gunzTarPerm modified mode [ 'package.json', 420, 436 ]
408 silly gunzTarPerm extractEntry .npmignore
409 silly gunzTarPerm modified mode [ '.npmignore', 420, 436 ]
410 silly gunzTarPerm extractEntry README.md
411 silly gunzTarPerm modified mode [ 'README.md', 420, 436 ]
412 silly gunzTarPerm extractEntry visitors.js
413 silly gunzTarPerm modified mode [ 'visitors.js', 420, 436 ]
414 silly gunzTarPerm extractEntry index.js
415 silly gunzTarPerm modified mode [ 'index.js', 420, 436 ]
416 silly gunzTarPerm extractEntry custom.js
417 silly gunzTarPerm modified mode [ 'custom.js', 420, 436 ]
418 silly gunzTarPerm extractEntry bin/envify
419 silly gunzTarPerm modified mode [ 'bin/envify', 493, 509 ]
420 silly lockFile 47931f13--modules-vue-node-modules-envify tar:///var/www/html/siteoliver/node_modules/vue/node_modules/envify
421 silly lockFile 47931f13--modules-vue-node-modules-envify tar:///var/www/html/siteoliver/node_modules/vue/node_modules/envify
422 silly lockFile 8f15ab79-ior-npm-envify-3-4-0-package-tgz tar:///home/junior/.npm/envify/3.4.0/package.tgz
423 silly lockFile 8f15ab79-ior-npm-envify-3-4-0-package-tgz tar:///home/junior/.npm/envify/3.4.0/package.tgz
424 info preinstall envify@3.4.0
425 verbose readDependencies using package.json deps
426 verbose readDependencies using package.json deps
427 verbose cache add [ 'through@~2.3.4', null ]
428 verbose cache add name=undefined spec="through@~2.3.4" args=["through@~2.3.4",null]
429 verbose parsed url { protocol: null,
429 verbose parsed url   slashes: null,
429 verbose parsed url   auth: null,
429 verbose parsed url   host: null,
429 verbose parsed url   port: null,
429 verbose parsed url   hostname: null,
429 verbose parsed url   hash: null,
429 verbose parsed url   search: null,
429 verbose parsed url   query: null,
429 verbose parsed url   pathname: 'through@~2.3.4',
429 verbose parsed url   path: 'through@~2.3.4',
429 verbose parsed url   href: 'through@~2.3.4' }
430 verbose cache add [ 'jstransform@^10.0.1', null ]
431 verbose cache add name=undefined spec="jstransform@^10.0.1" args=["jstransform@^10.0.1",null]
432 verbose parsed url { protocol: null,
432 verbose parsed url   slashes: null,
432 verbose parsed url   auth: null,
432 verbose parsed url   host: null,
432 verbose parsed url   port: null,
432 verbose parsed url   hostname: null,
432 verbose parsed url   hash: null,
432 verbose parsed url   search: null,
432 verbose parsed url   query: null,
432 verbose parsed url   pathname: 'jstransform@^10.0.1',
432 verbose parsed url   path: 'jstransform@^10.0.1',
432 verbose parsed url   href: 'jstransform@^10.0.1' }
433 verbose cache add name="through" spec="~2.3.4" args=["through","~2.3.4"]
434 verbose parsed url { protocol: null,
434 verbose parsed url   slashes: null,
434 verbose parsed url   auth: null,
434 verbose parsed url   host: null,
434 verbose parsed url   port: null,
434 verbose parsed url   hostname: null,
434 verbose parsed url   hash: null,
434 verbose parsed url   search: null,
434 verbose parsed url   query: null,
434 verbose parsed url   pathname: '~2.3.4',
434 verbose parsed url   path: '~2.3.4',
434 verbose parsed url   href: '~2.3.4' }
435 verbose addNamed [ 'through', '~2.3.4' ]
436 verbose addNamed [ null, '>=2.3.4-0 <2.4.0-0' ]
437 silly lockFile 560c0a42-through-2-3-4 through@~2.3.4
438 verbose lock through@~2.3.4 /home/junior/.npm/560c0a42-through-2-3-4.lock
439 verbose cache add name="jstransform" spec="^10.0.1" args=["jstransform","^10.0.1"]
440 verbose parsed url { protocol: null,
440 verbose parsed url   slashes: null,
440 verbose parsed url   auth: null,
440 verbose parsed url   host: null,
440 verbose parsed url   port: null,
440 verbose parsed url   hostname: null,
440 verbose parsed url   hash: null,
440 verbose parsed url   search: null,
440 verbose parsed url   query: null,
440 verbose parsed url   pathname: '^10.0.1',
440 verbose parsed url   path: '^10.0.1',
440 verbose parsed url   href: '^10.0.1' }
441 verbose addNamed [ 'jstransform', '^10.0.1' ]
442 verbose addNamed [ null, '>=10.0.1-0 <11.0.0-0' ]
443 silly lockFile 92916357-jstransform-10-0-1 jstransform@^10.0.1
444 verbose lock jstransform@^10.0.1 /home/junior/.npm/92916357-jstransform-10-0-1.lock
445 silly addNameRange { name: 'through', range: '>=2.3.4-0 <2.4.0-0', hasData: false }
446 silly addNameRange { name: 'jstransform',
446 silly addNameRange   range: '>=10.0.1-0 <11.0.0-0',
446 silly addNameRange   hasData: false }
447 verbose request where is /jstransform
448 verbose request registry https://registry.npmjs.org/
449 verbose url raw /jstransform
450 verbose url resolving [ 'https://registry.npmjs.org/', './jstransform' ]
451 verbose url resolved https://registry.npmjs.org/jstransform
452 verbose request where is https://registry.npmjs.org/jstransform
453 info trying registry request attempt 1 at 13:29:25
454 http GET https://registry.npmjs.org/jstransform
455 verbose request where is /through
456 verbose request registry https://registry.npmjs.org/
457 verbose url raw /through
458 verbose url resolving [ 'https://registry.npmjs.org/', './through' ]
459 verbose url resolved https://registry.npmjs.org/through
460 verbose request where is https://registry.npmjs.org/through
461 info trying registry request attempt 1 at 13:29:25
462 verbose etag "CE6VRILW8NZQ8N35ZLTHDXJ61"
463 http GET https://registry.npmjs.org/through
464 http 200 https://registry.npmjs.org/jstransform
465 silly registry.get cb [ 200,
465 silly registry.get   { server: 'CouchDB/1.5.0 (Erlang OTP/R16B03)',
465 silly registry.get     etag: '"47B7F6QLHW6K515EWMAOJ4LOW"',
465 silly registry.get     'content-type': 'application/json',
465 silly registry.get     'content-encoding': 'gzip',
465 silly registry.get     'cache-control': 'max-age=300',
465 silly registry.get     'content-length': '9358',
465 silly registry.get     'accept-ranges': 'bytes',
465 silly registry.get     date: 'Tue, 17 May 2016 16:29:26 GMT',
465 silly registry.get     via: '1.1 varnish',
465 silly registry.get     age: '184',
465 silly registry.get     connection: 'keep-alive',
465 silly registry.get     'x-served-by': 'cache-lax1432-LAX',
465 silly registry.get     'x-cache': 'HIT',
465 silly registry.get     'x-cache-hits': '2',
465 silly registry.get     'x-timer': 'S1463502566.447502,VS0,VE0',
465 silly registry.get     vary: 'Accept-Encoding' } ]
466 silly addNameRange number 2 { name: 'jstransform',
466 silly addNameRange   range: '>=10.0.1-0 <11.0.0-0',
466 silly addNameRange   hasData: true }
467 silly addNameRange versions [ 'jstransform',
467 silly addNameRange   [ '1.0.0',
467 silly addNameRange     '1.0.1',
467 silly addNameRange     '2.0.1',
467 silly addNameRange     '2.0.2',
467 silly addNameRange     '2.0.3',
467 silly addNameRange     '3.0.0',
467 silly addNameRange     '4.0.0',
467 silly addNameRange     '4.0.1',
467 silly addNameRange     '5.0.0',
467 silly addNameRange     '6.0.0',
467 silly addNameRange     '6.0.1',
467 silly addNameRange     '6.1.0',
467 silly addNameRange     '6.2.0',
467 silly addNameRange     '6.3.0',
467 silly addNameRange     '6.3.2',
467 silly addNameRange     '7.0.0',
467 silly addNameRange     '8.0.0',
467 silly addNameRange     '8.1.0',
467 silly addNameRange     '8.2.0',
467 silly addNameRange     '9.0.0',
467 silly addNameRange     '9.1.0',
467 silly addNameRange     '9.1.1',
467 silly addNameRange     '10.0.0',
467 silly addNameRange     '10.0.1',
467 silly addNameRange     '10.1.0',
467 silly addNameRange     '11.0.0',
467 silly addNameRange     '11.0.1',
467 silly addNameRange     '11.0.2',
467 silly addNameRange     '11.0.3' ] ]
468 verbose addNamed [ 'jstransform', '10.1.0' ]
469 verbose addNamed [ '10.1.0', '10.1.0' ]
470 silly lockFile a43da3f1-jstransform-10-1-0 jstransform@10.1.0
471 verbose lock jstransform@10.1.0 /home/junior/.npm/a43da3f1-jstransform-10-1-0.lock
472 silly lockFile 1b8c70aa-transform-jstransform-10-1-0-tgz https://registry.npmjs.org/jstransform/-/jstransform-10.1.0.tgz
473 verbose lock https://registry.npmjs.org/jstransform/-/jstransform-10.1.0.tgz /home/junior/.npm/1b8c70aa-transform-jstransform-10-1-0-tgz.lock
474 verbose addRemoteTarball [ 'https://registry.npmjs.org/jstransform/-/jstransform-10.1.0.tgz',
474 verbose addRemoteTarball   'b4c49bf63f162c108b0348399a8737c713b0a83a' ]
475 info retry fetch attempt 1 at 13:29:26
476 verbose fetch to= /tmp/npm-4378-vNbRWbk8/registry.npmjs.org/jstransform/-/jstransform-10.1.0.tgz
477 http GET https://registry.npmjs.org/jstransform/-/jstransform-10.1.0.tgz
478 http 200 https://registry.npmjs.org/through
479 silly registry.get cb [ 200,
479 silly registry.get   { server: 'CouchDB/1.5.0 (Erlang OTP/R16B03)',
479 silly registry.get     etag: '"BHAB28L4MSS7KF20NO7U31VYC"',
479 silly registry.get     'content-type': 'application/json',
479 silly registry.get     'content-encoding': 'gzip',
479 silly registry.get     'cache-control': 'max-age=300',
479 silly registry.get     'content-length': '4618',
479 silly registry.get     'accept-ranges': 'bytes',
479 silly registry.get     date: 'Tue, 17 May 2016 16:29:26 GMT',
479 silly registry.get     via: '1.1 varnish',
479 silly registry.get     age: '223',
479 silly registry.get     connection: 'keep-alive',
479 silly registry.get     'x-served-by': 'cache-lax1420-LAX',
479 silly registry.get     'x-cache': 'HIT',
479 silly registry.get     'x-cache-hits': '32',
479 silly registry.get     'x-timer': 'S1463502566.527957,VS0,VE0',
479 silly registry.get     vary: 'Accept-Encoding' } ]
480 silly addNameRange number 2 { name: 'through', range: '>=2.3.4-0 <2.4.0-0', hasData: true }
481 silly addNameRange versions [ 'through',
481 silly addNameRange   [ '0.0.1',
481 silly addNameRange     '0.0.2',
481 silly addNameRange     '0.0.3',
481 silly addNameRange     '0.0.4',
481 silly addNameRange     '0.1.0',
481 silly addNameRange     '0.1.1',
481 silly addNameRange     '0.1.2',
481 silly addNameRange     '0.1.3',
481 silly addNameRange     '0.1.4',
481 silly addNameRange     '1.0.0',
481 silly addNameRange     '1.1.0',
481 silly addNameRange     '1.1.1',
481 silly addNameRange     '1.1.2',
481 silly addNameRange     '2.0.0',
481 silly addNameRange     '2.1.0',
481 silly addNameRange     '2.2.0',
481 silly addNameRange     '2.2.1',
481 silly addNameRange     '2.2.2',
481 silly addNameRange     '2.2.4',
481 silly addNameRange     '2.2.5',
481 silly addNameRange     '2.2.6',
481 silly addNameRange     '2.2.7',
481 silly addNameRange     '2.3.1',
481 silly addNameRange     '2.3.2',
481 silly addNameRange     '2.3.3',
481 silly addNameRange     '2.3.4',
481 silly addNameRange     '2.3.6',
481 silly addNameRange     '2.3.7',
481 silly addNameRange     '2.3.8' ] ]
482 verbose addNamed [ 'through', '2.3.8' ]
483 verbose addNamed [ '2.3.8', '2.3.8' ]
484 silly lockFile 05586770-through-2-3-8 through@2.3.8
485 verbose lock through@2.3.8 /home/junior/.npm/05586770-through-2-3-8.lock
486 silly lockFile 05586770-through-2-3-8 through@2.3.8
487 silly lockFile 05586770-through-2-3-8 through@2.3.8
488 silly lockFile 560c0a42-through-2-3-4 through@~2.3.4
489 silly lockFile 560c0a42-through-2-3-4 through@~2.3.4
490 http 200 https://registry.npmjs.org/jstransform/-/jstransform-10.1.0.tgz
491 silly lockFile 1b8c70aa-transform-jstransform-10-1-0-tgz https://registry.npmjs.org/jstransform/-/jstransform-10.1.0.tgz
492 silly lockFile 1b8c70aa-transform-jstransform-10-1-0-tgz https://registry.npmjs.org/jstransform/-/jstransform-10.1.0.tgz
493 silly lockFile a43da3f1-jstransform-10-1-0 jstransform@10.1.0
494 silly lockFile a43da3f1-jstransform-10-1-0 jstransform@10.1.0
495 silly lockFile 92916357-jstransform-10-0-1 jstransform@^10.0.1
496 silly lockFile 92916357-jstransform-10-0-1 jstransform@^10.0.1
497 silly resolved [ { name: 'through',
497 silly resolved     version: '2.3.8',
497 silly resolved     description: 'simplified stream construction',
497 silly resolved     main: 'index.js',
497 silly resolved     scripts: { test: 'set -e; for t in test/*.js; do node $t; done' },
497 silly resolved     devDependencies: { 'stream-spec': '~0.3.5', tape: '~2.3.2', from: '~0.1.3' },
497 silly resolved     keywords: [ 'stream', 'streams', 'user-streams', 'pipe' ],
497 silly resolved     author:
497 silly resolved      { name: 'Dominic Tarr',
497 silly resolved        email: 'dominic.tarr@gmail.com',
497 silly resolved        url: 'dominictarr.com' },
497 silly resolved     license: 'MIT',
497 silly resolved     repository:
497 silly resolved      { type: 'git',
497 silly resolved        url: 'git+https://github.com/dominictarr/through.git' },
497 silly resolved     homepage: 'https://github.com/dominictarr/through',
497 silly resolved     testling: { browsers: [Object], files: 'test/*.js' },
497 silly resolved     gitHead: '2c5a6f9a0cc54da759b6e10964f2081c358e49dc',
497 silly resolved     bugs: { url: 'https://github.com/dominictarr/through/issues' },
497 silly resolved     _id: 'through@2.3.8',
497 silly resolved     _shasum: '0dd4c9ffaabc357960b1b724115d7e0e86a2e1f5',
497 silly resolved     _from: 'through@~2.3.4',
497 silly resolved     _npmVersion: '2.12.0',
497 silly resolved     _nodeVersion: '2.3.1',
497 silly resolved     _npmUser: { name: 'dominictarr', email: 'dominic.tarr@gmail.com' },
497 silly resolved     maintainers: [ [Object] ],
497 silly resolved     dist:
497 silly resolved      { shasum: '0dd4c9ffaabc357960b1b724115d7e0e86a2e1f5',
497 silly resolved        tarball: 'https://registry.npmjs.org/through/-/through-2.3.8.tgz' },
497 silly resolved     directories: {},
497 silly resolved     _resolved: 'https://registry.npmjs.org/through/-/through-2.3.8.tgz',
497 silly resolved     readme: 'ERROR: No README data found!' },
497 silly resolved   { name: 'jstransform',
497 silly resolved     version: '10.1.0',
497 silly resolved     description: 'A simple AST visitor-based JS transformer',
497 silly resolved     contributors: [ [Object] ],
497 silly resolved     main: 'src/jstransform',
497 silly resolved     repository: { type: 'git', url: 'git@github.com:facebook/jstransform.git' },
497 silly resolved     keywords: [ 'transformer', 'compiler', 'syntax', 'visitor' ],
497 silly resolved     dependencies:
497 silly resolved      { base62: '0.1.1',
497 silly resolved        'esprima-fb': '13001.1001.0-dev-harmony-fb',
497 silly resolved        'source-map': '0.1.31' },
497 silly resolved     licenses: [ [Object] ],
497 silly resolved     engines: { node: '>=0.8.8' },
497 silly resolved     devDependencies: { 'jest-cli': '^0.2', jshint: '^2.5.10' },
497 silly resolved     jest:
497 silly resolved      { scriptPreprocessor: '<rootDir>/jestPreprocessor.js',
497 silly resolved        setupEnvScriptFile: '<rootDir>/jestEnvironment.js',
497 silly resolved        testPathIgnorePatterns: [Object] },
497 silly resolved     scripts:
497 silly resolved      { prepublish: 'jest && jshint --config=.jshintrc --exclude=node_modules .',
497 silly resolved        test: 'jest && jshint --config=.jshintrc --exclude=node_modules .' },
497 silly resolved     gitHead: '90201cf6e40549bacf0efe8915600658a9564471',
497 silly resolved     bugs: { url: 'https://github.com/facebook/jstransform/issues' },
497 silly resolved     homepage: 'https://github.com/facebook/jstransform',
497 silly resolved     _id: 'jstransform@10.1.0',
497 silly resolved     _shasum: 'b4c49bf63f162c108b0348399a8737c713b0a83a',
497 silly resolved     _from: 'jstransform@^10.0.1',
497 silly resolved     _npmVersion: '1.4.16',
497 silly resolved     _npmUser: { name: 'gabelevi', email: 'gabelevi@gmail.com' },
497 silly resolved     maintainers: [ [Object], [Object], [Object], [Object] ],
497 silly resolved     dist:
497 silly resolved      { shasum: 'b4c49bf63f162c108b0348399a8737c713b0a83a',
497 silly resolved        tarball: 'https://registry.npmjs.org/jstransform/-/jstransform-10.1.0.tgz' },
497 silly resolved     directories: {},
497 silly resolved     _resolved: 'https://registry.npmjs.org/jstransform/-/jstransform-10.1.0.tgz' } ]
498 info install through@2.3.8 into /var/www/html/siteoliver/node_modules/vue/node_modules/envify
499 info install jstransform@10.1.0 into /var/www/html/siteoliver/node_modules/vue/node_modules/envify
500 info installOne through@2.3.8
501 info installOne jstransform@10.1.0
502 verbose node_modules/vue/node_modules/envify/node_modules/through unbuild
503 verbose tar unpack /home/junior/.npm/through/2.3.8/package.tgz
504 silly lockFile 416b055c-ules-envify-node-modules-through tar:///var/www/html/siteoliver/node_modules/vue/node_modules/envify/node_modules/through
505 verbose lock tar:///var/www/html/siteoliver/node_modules/vue/node_modules/envify/node_modules/through /home/junior/.npm/416b055c-ules-envify-node-modules-through.lock
506 silly lockFile 439df087-or-npm-through-2-3-8-package-tgz tar:///home/junior/.npm/through/2.3.8/package.tgz
507 verbose lock tar:///home/junior/.npm/through/2.3.8/package.tgz /home/junior/.npm/439df087-or-npm-through-2-3-8-package-tgz.lock
508 verbose node_modules/vue/node_modules/envify/node_modules/jstransform unbuild
509 silly gunzTarPerm modes [ '775', '664' ]
510 verbose tar unpack /home/junior/.npm/jstransform/10.1.0/package.tgz
511 silly lockFile 4c5b1701--envify-node-modules-jstransform tar:///var/www/html/siteoliver/node_modules/vue/node_modules/envify/node_modules/jstransform
512 verbose lock tar:///var/www/html/siteoliver/node_modules/vue/node_modules/envify/node_modules/jstransform /home/junior/.npm/4c5b1701--envify-node-modules-jstransform.lock
513 silly lockFile 5979a527-m-jstransform-10-1-0-package-tgz tar:///home/junior/.npm/jstransform/10.1.0/package.tgz
514 verbose lock tar:///home/junior/.npm/jstransform/10.1.0/package.tgz /home/junior/.npm/5979a527-m-jstransform-10-1-0-package-tgz.lock
515 silly gunzTarPerm modes [ '775', '664' ]
516 silly gunzTarPerm extractEntry package.json
517 silly gunzTarPerm modified mode [ 'package.json', 420, 436 ]
518 silly gunzTarPerm extractEntry .npmignore
519 silly gunzTarPerm modified mode [ '.npmignore', 420, 436 ]
520 silly gunzTarPerm extractEntry README.md
521 silly gunzTarPerm modified mode [ 'README.md', 420, 436 ]
522 silly gunzTarPerm extractEntry LICENSE
523 silly gunzTarPerm modified mode [ 'LICENSE', 420, 436 ]
524 silly gunzTarPerm extractEntry jestEnvironment.js
525 silly gunzTarPerm modified mode [ 'jestEnvironment.js', 420, 436 ]
526 silly gunzTarPerm extractEntry jestPreprocessor.js
527 silly gunzTarPerm modified mode [ 'jestPreprocessor.js', 420, 436 ]
528 silly gunzTarPerm extractEntry .jshintrc
529 silly gunzTarPerm modified mode [ '.jshintrc', 420, 436 ]
530 silly gunzTarPerm extractEntry .travis.yml
531 silly gunzTarPerm modified mode [ '.travis.yml', 420, 436 ]
532 silly gunzTarPerm extractEntry polyfill/Object.es6.js
533 silly gunzTarPerm modified mode [ 'polyfill/Object.es6.js', 420, 436 ]
534 silly gunzTarPerm extractEntry src/docblock.js
535 silly gunzTarPerm modified mode [ 'src/docblock.js', 420, 436 ]
536 silly gunzTarPerm extractEntry src/jstransform.js
537 silly gunzTarPerm modified mode [ 'src/jstransform.js', 420, 436 ]
538 silly gunzTarPerm extractEntry src/utils.js
539 silly gunzTarPerm modified mode [ 'src/utils.js', 420, 436 ]
540 silly gunzTarPerm extractEntry src/__tests__/jstransform-test.js
541 silly gunzTarPerm modified mode [ 'src/__tests__/jstransform-test.js', 420, 436 ]
542 silly gunzTarPerm extractEntry src/__tests__/jstransform-utils-test.js
543 silly gunzTarPerm modified mode [ 'src/__tests__/jstransform-utils-test.js', 420, 436 ]
544 silly gunzTarPerm extractEntry visitors/type-syntax.js
545 silly gunzTarPerm modified mode [ 'visitors/type-syntax.js', 420, 436 ]
546 silly gunzTarPerm extractEntry visitors/es6-class-visitors.js
547 silly gunzTarPerm modified mode [ 'visitors/es6-class-visitors.js', 420, 436 ]
548 silly gunzTarPerm extractEntry visitors/es6-destructuring-visitors.js
549 silly gunzTarPerm modified mode [ 'visitors/es6-destructuring-visitors.js', 420, 436 ]
550 silly gunzTarPerm extractEntry package.json
551 silly gunzTarPerm modified mode [ 'package.json', 420, 436 ]
552 silly gunzTarPerm extractEntry index.js
553 silly gunzTarPerm modified mode [ 'index.js', 420, 436 ]
554 silly gunzTarPerm extractEntry .travis.yml
555 silly gunzTarPerm modified mode [ '.travis.yml', 420, 436 ]
556 silly gunzTarPerm extractEntry visitors/es6-object-concise-method-visitors.js
557 silly gunzTarPerm modified mode [ 'visitors/es6-object-concise-method-visitors.js', 420, 436 ]
558 silly gunzTarPerm extractEntry visitors/es6-object-short-notation-visitors.js
559 silly gunzTarPerm modified mode [ 'visitors/es6-object-short-notation-visitors.js', 420, 436 ]
560 silly gunzTarPerm extractEntry LICENSE.APACHE2
561 silly gunzTarPerm modified mode [ 'LICENSE.APACHE2', 420, 436 ]
562 silly gunzTarPerm extractEntry LICENSE.MIT
563 silly gunzTarPerm modified mode [ 'LICENSE.MIT', 420, 436 ]
564 silly gunzTarPerm extractEntry visitors/es6-call-spread-visitors.js
565 silly gunzTarPerm modified mode [ 'visitors/es6-call-spread-visitors.js', 420, 436 ]
566 silly gunzTarPerm extractEntry visitors/es6-template-visitors.js
567 silly gunzTarPerm modified mode [ 'visitors/es6-template-visitors.js', 420, 436 ]
568 silly gunzTarPerm extractEntry readme.markdown
569 silly gunzTarPerm modified mode [ 'readme.markdown', 420, 436 ]
570 silly gunzTarPerm extractEntry test/async.js
571 silly gunzTarPerm modified mode [ 'test/async.js', 420, 436 ]
572 silly gunzTarPerm extractEntry test/auto-destroy.js
573 silly gunzTarPerm modified mode [ 'test/auto-destroy.js', 420, 436 ]
574 silly gunzTarPerm extractEntry test/buffering.js
575 silly gunzTarPerm modified mode [ 'test/buffering.js', 420, 436 ]
576 silly gunzTarPerm extractEntry test/end.js
577 silly gunzTarPerm modified mode [ 'test/end.js', 420, 436 ]
578 silly gunzTarPerm extractEntry visitors/es7-rest-property-helpers.js
579 silly gunzTarPerm modified mode [ 'visitors/es7-rest-property-helpers.js', 420, 436 ]
580 silly gunzTarPerm extractEntry visitors/es7-spread-property-visitors.js
581 silly gunzTarPerm modified mode [ 'visitors/es7-spread-property-visitors.js', 420, 436 ]
582 silly gunzTarPerm extractEntry test/index.js
583 silly gunzTarPerm modified mode [ 'test/index.js', 420, 436 ]
584 silly gunzTarPerm extractEntry visitors/reserved-words-helper.js
585 silly gunzTarPerm modified mode [ 'visitors/reserved-words-helper.js', 420, 436 ]
586 silly gunzTarPerm extractEntry visitors/reserved-words-visitors.js
587 silly gunzTarPerm modified mode [ 'visitors/reserved-words-visitors.js', 420, 436 ]
588 silly lockFile 416b055c-ules-envify-node-modules-through tar:///var/www/html/siteoliver/node_modules/vue/node_modules/envify/node_modules/through
589 silly lockFile 416b055c-ules-envify-node-modules-through tar:///var/www/html/siteoliver/node_modules/vue/node_modules/envify/node_modules/through
590 silly lockFile 439df087-or-npm-through-2-3-8-package-tgz tar:///home/junior/.npm/through/2.3.8/package.tgz
591 silly lockFile 439df087-or-npm-through-2-3-8-package-tgz tar:///home/junior/.npm/through/2.3.8/package.tgz
592 info preinstall through@2.3.8
593 verbose readDependencies using package.json deps
594 silly gunzTarPerm extractEntry visitors/es6-arrow-function-visitors.js
595 silly gunzTarPerm modified mode [ 'visitors/es6-arrow-function-visitors.js', 420, 436 ]
596 silly gunzTarPerm extractEntry visitors/es6-rest-param-visitors.js
597 silly gunzTarPerm modified mode [ 'visitors/es6-rest-param-visitors.js', 420, 436 ]
598 verbose readDependencies using package.json deps
599 silly resolved []
600 verbose about to build /var/www/html/siteoliver/node_modules/vue/node_modules/envify/node_modules/through
601 info build /var/www/html/siteoliver/node_modules/vue/node_modules/envify/node_modules/through
602 verbose linkStuff [ false,
602 verbose linkStuff   false,
602 verbose linkStuff   false,
602 verbose linkStuff   '/var/www/html/siteoliver/node_modules/vue/node_modules/envify/node_modules' ]
603 info linkStuff through@2.3.8
604 verbose linkBins through@2.3.8
605 verbose linkMans through@2.3.8
606 verbose rebuildBundles through@2.3.8
607 info install through@2.3.8
608 info postinstall through@2.3.8
609 silly gunzTarPerm extractEntry visitors/__tests__/es6-arrow-function-visitors-test.js
610 silly gunzTarPerm modified mode [ 'visitors/__tests__/es6-arrow-function-visitors-test.js',
610 silly gunzTarPerm   420,
610 silly gunzTarPerm   436 ]
611 silly gunzTarPerm extractEntry visitors/__tests__/es6-object-short-notation-visitors-test.js
612 silly gunzTarPerm modified mode [ 'visitors/__tests__/es6-object-short-notation-visitors-test.js',
612 silly gunzTarPerm   420,
612 silly gunzTarPerm   436 ]
613 silly gunzTarPerm extractEntry visitors/__tests__/es6-rest-param-visitors-test.js
614 silly gunzTarPerm modified mode [ 'visitors/__tests__/es6-rest-param-visitors-test.js',
614 silly gunzTarPerm   420,
614 silly gunzTarPerm   436 ]
615 silly gunzTarPerm extractEntry visitors/__tests__/es6-template-visitors-test.js
616 silly gunzTarPerm modified mode [ 'visitors/__tests__/es6-template-visitors-test.js', 420, 436 ]
617 silly gunzTarPerm extractEntry visitors/__tests__/es7-rest-property-helpers-test.js
618 silly gunzTarPerm modified mode [ 'visitors/__tests__/es7-rest-property-helpers-test.js',
618 silly gunzTarPerm   420,
618 silly gunzTarPerm   436 ]
619 silly gunzTarPerm extractEntry visitors/__tests__/es6-object-concise-method-visitors-test.js
620 silly gunzTarPerm modified mode [ 'visitors/__tests__/es6-object-concise-method-visitors-test.js',
620 silly gunzTarPerm   420,
620 silly gunzTarPerm   436 ]
621 silly gunzTarPerm extractEntry visitors/__tests__/type-syntax-test.js
622 silly gunzTarPerm modified mode [ 'visitors/__tests__/type-syntax-test.js', 420, 436 ]
623 silly gunzTarPerm extractEntry visitors/__tests__/reserved-words-test.js
624 silly gunzTarPerm modified mode [ 'visitors/__tests__/reserved-words-test.js', 420, 436 ]
625 silly gunzTarPerm extractEntry visitors/__tests__/type-alias-syntax-test.js
626 silly gunzTarPerm modified mode [ 'visitors/__tests__/type-alias-syntax-test.js', 420, 436 ]
627 silly gunzTarPerm extractEntry visitors/__tests__/type-class-syntax-test.js
628 silly gunzTarPerm modified mode [ 'visitors/__tests__/type-class-syntax-test.js', 420, 436 ]
629 silly gunzTarPerm extractEntry visitors/__tests__/type-function-syntax-test.js
630 silly gunzTarPerm modified mode [ 'visitors/__tests__/type-function-syntax-test.js', 420, 436 ]
631 silly gunzTarPerm extractEntry visitors/__tests__/es6-es7-object-integration-test.js
632 silly gunzTarPerm modified mode [ 'visitors/__tests__/es6-es7-object-integration-test.js',
632 silly gunzTarPerm   420,
632 silly gunzTarPerm   436 ]
633 silly gunzTarPerm extractEntry visitors/__tests__/type-interface-syntax-test.js
634 silly gunzTarPerm modified mode [ 'visitors/__tests__/type-interface-syntax-test.js', 420, 436 ]
635 silly gunzTarPerm extractEntry visitors/__tests__/es6-destructuring-visitors-test.js
636 silly gunzTarPerm modified mode [ 'visitors/__tests__/es6-destructuring-visitors-test.js',
636 silly gunzTarPerm   420,
636 silly gunzTarPerm   436 ]
637 silly gunzTarPerm extractEntry visitors/__tests__/type-object-method-syntax-test.js
638 silly gunzTarPerm modified mode [ 'visitors/__tests__/type-object-method-syntax-test.js',
638 silly gunzTarPerm   420,
638 silly gunzTarPerm   436 ]
639 silly gunzTarPerm extractEntry visitors/__tests__/es6-class-visitors-test.js
640 silly gunzTarPerm modified mode [ 'visitors/__tests__/es6-class-visitors-test.js', 420, 436 ]
641 silly gunzTarPerm extractEntry visitors/__tests__/type-pattern-syntax-test.js
642 silly gunzTarPerm modified mode [ 'visitors/__tests__/type-pattern-syntax-test.js', 420, 436 ]
643 silly gunzTarPerm extractEntry visitors/__tests__/es6-call-spread-visitors-test.js
644 silly gunzTarPerm modified mode [ 'visitors/__tests__/es6-call-spread-visitors-test.js',
644 silly gunzTarPerm   420,
644 silly gunzTarPerm   436 ]
645 silly gunzTarPerm extractEntry visitors/__tests__/type-variable-declaration-syntax-test.js
646 silly gunzTarPerm modified mode [ 'visitors/__tests__/type-variable-declaration-syntax-test.js',
646 silly gunzTarPerm   420,
646 silly gunzTarPerm   436 ]
647 silly gunzTarPerm extractEntry visitors/__tests__/es7-spread-property-visitors-test.js
648 silly gunzTarPerm modified mode [ 'visitors/__tests__/es7-spread-property-visitors-test.js',
648 silly gunzTarPerm   420,
648 silly gunzTarPerm   436 ]
649 silly gunzTarPerm extractEntry visitors/__tests__/gen/generate-type-syntax-test.js
650 silly gunzTarPerm modified mode [ 'visitors/__tests__/gen/generate-type-syntax-test.js',
650 silly gunzTarPerm   420,
650 silly gunzTarPerm   436 ]
651 silly gunzTarPerm extractEntry visitors/__tests__/gen/type-syntax-test.rec.js
652 silly gunzTarPerm modified mode [ 'visitors/__tests__/gen/type-syntax-test.rec.js', 420, 436 ]
653 silly lockFile 4c5b1701--envify-node-modules-jstransform tar:///var/www/html/siteoliver/node_modules/vue/node_modules/envify/node_modules/jstransform
654 silly lockFile 4c5b1701--envify-node-modules-jstransform tar:///var/www/html/siteoliver/node_modules/vue/node_modules/envify/node_modules/jstransform
655 silly lockFile 5979a527-m-jstransform-10-1-0-package-tgz tar:///home/junior/.npm/jstransform/10.1.0/package.tgz
656 silly lockFile 5979a527-m-jstransform-10-1-0-package-tgz tar:///home/junior/.npm/jstransform/10.1.0/package.tgz
657 info preinstall jstransform@10.1.0
658 verbose readDependencies using package.json deps
659 verbose readDependencies using package.json deps
660 verbose cache add [ 'base62@0.1.1', null ]
661 verbose cache add name=undefined spec="base62@0.1.1" args=["base62@0.1.1",null]
662 verbose parsed url { protocol: null,
662 verbose parsed url   slashes: null,
662 verbose parsed url   auth: null,
662 verbose parsed url   host: null,
662 verbose parsed url   port: null,
662 verbose parsed url   hostname: null,
662 verbose parsed url   hash: null,
662 verbose parsed url   search: null,
662 verbose parsed url   query: null,
662 verbose parsed url   pathname: 'base62@0.1.1',
662 verbose parsed url   path: 'base62@0.1.1',
662 verbose parsed url   href: 'base62@0.1.1' }
663 verbose cache add [ 'esprima-fb@13001.1001.0-dev-harmony-fb', null ]
664 verbose cache add name=undefined spec="esprima-fb@13001.1001.0-dev-harmony-fb" args=["esprima-fb@13001.1001.0-dev-harmony-fb",null]
665 verbose parsed url { protocol: null,
665 verbose parsed url   slashes: null,
665 verbose parsed url   auth: null,
665 verbose parsed url   host: null,
665 verbose parsed url   port: null,
665 verbose parsed url   hostname: null,
665 verbose parsed url   hash: null,
665 verbose parsed url   search: null,
665 verbose parsed url   query: null,
665 verbose parsed url   pathname: 'esprima-fb@13001.1001.0-dev-harmony-fb',
665 verbose parsed url   path: 'esprima-fb@13001.1001.0-dev-harmony-fb',
665 verbose parsed url   href: 'esprima-fb@13001.1001.0-dev-harmony-fb' }
666 verbose cache add name="base62" spec="0.1.1" args=["base62","0.1.1"]
667 verbose parsed url { protocol: null,
667 verbose parsed url   slashes: null,
667 verbose parsed url   auth: null,
667 verbose parsed url   host: null,
667 verbose parsed url   port: null,
667 verbose parsed url   hostname: null,
667 verbose parsed url   hash: null,
667 verbose parsed url   search: null,
667 verbose parsed url   query: null,
667 verbose parsed url   pathname: '0.1.1',
667 verbose parsed url   path: '0.1.1',
667 verbose parsed url   href: '0.1.1' }
668 verbose addNamed [ 'base62', '0.1.1' ]
669 verbose addNamed [ '0.1.1', '0.1.1' ]
670 silly lockFile c24f39ea-base62-0-1-1 base62@0.1.1
671 verbose lock base62@0.1.1 /home/junior/.npm/c24f39ea-base62-0-1-1.lock
672 verbose cache add [ 'source-map@0.1.31', null ]
673 verbose cache add name=undefined spec="source-map@0.1.31" args=["source-map@0.1.31",null]
674 verbose parsed url { protocol: null,
674 verbose parsed url   slashes: null,
674 verbose parsed url   auth: null,
674 verbose parsed url   host: null,
674 verbose parsed url   port: null,
674 verbose parsed url   hostname: null,
674 verbose parsed url   hash: null,
674 verbose parsed url   search: null,
674 verbose parsed url   query: null,
674 verbose parsed url   pathname: 'source-map@0.1.31',
674 verbose parsed url   path: 'source-map@0.1.31',
674 verbose parsed url   href: 'source-map@0.1.31' }
675 verbose cache add name="esprima-fb" spec="13001.1001.0-dev-harmony-fb" args=["esprima-fb","13001.1001.0-dev-harmony-fb"]
676 verbose parsed url { protocol: null,
676 verbose parsed url   slashes: null,
676 verbose parsed url   auth: null,
676 verbose parsed url   host: null,
676 verbose parsed url   port: null,
676 verbose parsed url   hostname: null,
676 verbose parsed url   hash: null,
676 verbose parsed url   search: null,
676 verbose parsed url   query: null,
676 verbose parsed url   pathname: '13001.1001.0-dev-harmony-fb',
676 verbose parsed url   path: '13001.1001.0-dev-harmony-fb',
676 verbose parsed url   href: '13001.1001.0-dev-harmony-fb' }
677 verbose addNamed [ 'esprima-fb', '13001.1001.0-dev-harmony-fb' ]
678 verbose addNamed [ '13001.1001.0-dev-harmony-fb', '13001.1001.0-dev-harmony-fb' ]
679 silly lockFile b6ef9b9a-a-fb-13001-1001-0-dev-harmony-fb esprima-fb@13001.1001.0-dev-harmony-fb
680 verbose lock esprima-fb@13001.1001.0-dev-harmony-fb /home/junior/.npm/b6ef9b9a-a-fb-13001-1001-0-dev-harmony-fb.lock
681 verbose cache add name="source-map" spec="0.1.31" args=["source-map","0.1.31"]
682 verbose parsed url { protocol: null,
682 verbose parsed url   slashes: null,
682 verbose parsed url   auth: null,
682 verbose parsed url   host: null,
682 verbose parsed url   port: null,
682 verbose parsed url   hostname: null,
682 verbose parsed url   hash: null,
682 verbose parsed url   search: null,
682 verbose parsed url   query: null,
682 verbose parsed url   pathname: '0.1.31',
682 verbose parsed url   path: '0.1.31',
682 verbose parsed url   href: '0.1.31' }
683 verbose addNamed [ 'source-map', '0.1.31' ]
684 verbose addNamed [ '0.1.31', '0.1.31' ]
685 silly lockFile da25d7af-source-map-0-1-31 source-map@0.1.31
686 verbose lock source-map@0.1.31 /home/junior/.npm/da25d7af-source-map-0-1-31.lock
687 verbose request where is /base62
688 verbose request registry https://registry.npmjs.org/
689 verbose url raw /base62
690 verbose url resolving [ 'https://registry.npmjs.org/', './base62' ]
691 verbose url resolved https://registry.npmjs.org/base62
692 verbose request where is https://registry.npmjs.org/base62
693 info trying registry request attempt 1 at 13:29:33
694 http GET https://registry.npmjs.org/base62
695 verbose request where is /esprima-fb
696 verbose request registry https://registry.npmjs.org/
697 verbose url raw /esprima-fb
698 verbose url resolving [ 'https://registry.npmjs.org/', './esprima-fb' ]
699 verbose url resolved https://registry.npmjs.org/esprima-fb
700 verbose request where is https://registry.npmjs.org/esprima-fb
701 info trying registry request attempt 1 at 13:29:33
702 verbose etag "E6S2MZIRBJYLZ75BN1EH7EXQQ"
703 http GET https://registry.npmjs.org/esprima-fb
704 verbose request where is /source-map
705 verbose request registry https://registry.npmjs.org/
706 verbose url raw /source-map
707 verbose url resolving [ 'https://registry.npmjs.org/', './source-map' ]
708 verbose url resolved https://registry.npmjs.org/source-map
709 verbose request where is https://registry.npmjs.org/source-map
710 info trying registry request attempt 1 at 13:29:33
711 verbose etag "6FOGQ0DEW49F4TBK11MIL5JD4"
712 http GET https://registry.npmjs.org/source-map
713 http 304 https://registry.npmjs.org/esprima-fb
714 silly registry.get cb [ 304,
714 silly registry.get   { date: 'Tue, 17 May 2016 16:29:34 GMT',
714 silly registry.get     via: '1.1 varnish',
714 silly registry.get     'cache-control': 'max-age=300',
714 silly registry.get     etag: '"E6S2MZIRBJYLZ75BN1EH7EXQQ"',
714 silly registry.get     age: '94',
714 silly registry.get     connection: 'keep-alive',
714 silly registry.get     'x-served-by': 'cache-sjc3124-SJC',
714 silly registry.get     'x-cache': 'HIT',
714 silly registry.get     'x-cache-hits': '5',
714 silly registry.get     'x-timer': 'S1463502574.218056,VS0,VE0',
714 silly registry.get     vary: 'Accept-Encoding' } ]
715 verbose etag https://registry.npmjs.org/esprima-fb from cache
716 silly lockFile 1a666ce3--13001-1001-0-dev-harmony-fb-tgz https://registry.npmjs.org/esprima-fb/-/esprima-fb-13001.1001.0-dev-harmony-fb.tgz
717 verbose lock https://registry.npmjs.org/esprima-fb/-/esprima-fb-13001.1001.0-dev-harmony-fb.tgz /home/junior/.npm/1a666ce3--13001-1001-0-dev-harmony-fb-tgz.lock
718 verbose addRemoteTarball [ 'https://registry.npmjs.org/esprima-fb/-/esprima-fb-13001.1001.0-dev-harmony-fb.tgz',
718 verbose addRemoteTarball   '633acdb40d9bd4db8a1c1d68c06a942959fad2b0' ]
719 info retry fetch attempt 1 at 13:29:34
720 verbose fetch to= /tmp/npm-4378-vNbRWbk8/registry.npmjs.org/esprima-fb/-/esprima-fb-13001.1001.0-dev-harmony-fb.tgz
721 http GET https://registry.npmjs.org/esprima-fb/-/esprima-fb-13001.1001.0-dev-harmony-fb.tgz
722 http 200 https://registry.npmjs.org/source-map
723 silly registry.get cb [ 200,
723 silly registry.get   { server: 'CouchDB/1.5.0 (Erlang OTP/R16B03)',
723 silly registry.get     etag: '"D1EJDAUPT1VE99YUQVYHK3WSA"',
723 silly registry.get     'content-type': 'application/json',
723 silly registry.get     'content-encoding': 'gzip',
723 silly registry.get     'cache-control': 'max-age=300',
723 silly registry.get     'content-length': '17760',
723 silly registry.get     'accept-ranges': 'bytes',
723 silly registry.get     date: 'Tue, 17 May 2016 16:29:34 GMT',
723 silly registry.get     via: '1.1 varnish',
723 silly registry.get     age: '59',
723 silly registry.get     connection: 'keep-alive',
723 silly registry.get     'x-served-by': 'cache-lax1434-LAX',
723 silly registry.get     'x-cache': 'HIT',
723 silly registry.get     'x-cache-hits': '5',
723 silly registry.get     'x-timer': 'S1463502574.083308,VS0,VE0',
723 silly registry.get     vary: 'Accept-Encoding' } ]
724 silly lockFile 0b8e1be2-source-map-source-map-0-1-31-tgz https://registry.npmjs.org/source-map/-/source-map-0.1.31.tgz
725 verbose lock https://registry.npmjs.org/source-map/-/source-map-0.1.31.tgz /home/junior/.npm/0b8e1be2-source-map-source-map-0-1-31-tgz.lock
726 verbose addRemoteTarball [ 'https://registry.npmjs.org/source-map/-/source-map-0.1.31.tgz',
726 verbose addRemoteTarball   '9f704d0d69d9e138a81badf6ebb4fde33d151c61' ]
727 info retry fetch attempt 1 at 13:29:34
728 verbose fetch to= /tmp/npm-4378-vNbRWbk8/registry.npmjs.org/source-map/-/source-map-0.1.31.tgz
729 http GET https://registry.npmjs.org/source-map/-/source-map-0.1.31.tgz
730 http 200 https://registry.npmjs.org/esprima-fb/-/esprima-fb-13001.1001.0-dev-harmony-fb.tgz
731 http 200 https://registry.npmjs.org/source-map/-/source-map-0.1.31.tgz
732 silly lockFile 1a666ce3--13001-1001-0-dev-harmony-fb-tgz https://registry.npmjs.org/esprima-fb/-/esprima-fb-13001.1001.0-dev-harmony-fb.tgz
733 silly lockFile 1a666ce3--13001-1001-0-dev-harmony-fb-tgz https://registry.npmjs.org/esprima-fb/-/esprima-fb-13001.1001.0-dev-harmony-fb.tgz
734 silly lockFile b6ef9b9a-a-fb-13001-1001-0-dev-harmony-fb esprima-fb@13001.1001.0-dev-harmony-fb
735 silly lockFile b6ef9b9a-a-fb-13001-1001-0-dev-harmony-fb esprima-fb@13001.1001.0-dev-harmony-fb
736 verbose about to build /var/www/html/siteoliver/node_modules/vue/node_modules/envify/node_modules/jstransform
737 verbose node_modules/vue/node_modules/envify/node_modules/jstransform unbuild
738 info preuninstall jstransform@10.1.0
739 info uninstall jstransform@10.1.0
740 verbose false,/var/www/html/siteoliver/node_modules,/var/www/html/siteoliver/node_modules/vue/node_modules/envify/node_modules unbuild jstransform@10.1.0
741 info postuninstall jstransform@10.1.0
742 verbose about to build /var/www/html/siteoliver/node_modules/vue/node_modules/envify
743 verbose node_modules/vue/node_modules/envify unbuild
744 info preuninstall envify@3.4.0
745 info uninstall envify@3.4.0
746 verbose false,/var/www/html/siteoliver/node_modules,/var/www/html/siteoliver/node_modules/vue/node_modules unbuild envify@3.4.0
747 verbose /var/www/html/siteoliver/node_modules/vue/node_modules/.bin,[object Object] binRoot
748 info postuninstall envify@3.4.0
749 verbose about to build /var/www/html/siteoliver/node_modules/vue
750 verbose node_modules/vue unbuild
751 info preuninstall vue@1.0.24
752 info uninstall vue@1.0.24
753 verbose true,/var/www/html/siteoliver/node_modules,/var/www/html/siteoliver/node_modules unbuild vue@1.0.24
754 info postuninstall vue@1.0.24
755 error Error: EACCES, mkdir '/home/junior/.npm/esprima-fb/13001.1001.0-dev-harmony-fb'
755 error  { [Error: EACCES, mkdir '/home/junior/.npm/esprima-fb/13001.1001.0-dev-harmony-fb']
755 error   errno: 3,
755 error   code: 'EACCES',
755 error   path: '/home/junior/.npm/esprima-fb/13001.1001.0-dev-harmony-fb',
755 error   parent: 'jstransform' }
756 error Please try running this command again as root/Administrator.
757 error System Linux 4.2.0-36-generic
758 error command "/usr/bin/nodejs" "/usr/bin/npm" "install" "vue" "vue-resource"
759 error cwd /var/www/html/siteoliver
760 error node -v v0.10.25
761 error npm -v 1.4.21
762 error path /home/junior/.npm/esprima-fb/13001.1001.0-dev-harmony-fb
763 error code EACCES
764 error errno 3
765 error stack Error: EACCES, mkdir '/home/junior/.npm/esprima-fb/13001.1001.0-dev-harmony-fb'
766 verbose exit [ 3, true ]
